ARM GAS  C:\Users\eduar\AppData\Local\Temp\ccVLv5Z2.s 			page 1


   1              		.syntax unified
   2              		.cpu cortex-m0plus
   3              		.fpu softvfp
   4              		.eabi_attribute 20, 1
   5              		.eabi_attribute 21, 1
   6              		.eabi_attribute 23, 3
   7              		.eabi_attribute 24, 1
   8              		.eabi_attribute 25, 1
   9              		.eabi_attribute 26, 1
  10              		.eabi_attribute 30, 1
  11              		.eabi_attribute 34, 0
  12              		.eabi_attribute 18, 4
  13              		.thumb
  14              		.syntax unified
  15              		.file	"Em_EEPROM_1.c"
  16              		.text
  17              	.Ltext0:
  18              		.cfi_sections	.debug_frame
  19              		.section	.text.Em_EEPROM_1_Init,"ax",%progbits
  20              		.align	2
  21              		.global	Em_EEPROM_1_Init
  22              		.code	16
  23              		.thumb_func
  24              		.type	Em_EEPROM_1_Init, %function
  25              	Em_EEPROM_1_Init:
  26              	.LFB45:
  27              		.file 1 "Generated_Source\\PSoC6\\Em_EEPROM_1.c"
   1:Generated_Source\PSoC6/Em_EEPROM_1.c **** /*******************************************************************************
   2:Generated_Source\PSoC6/Em_EEPROM_1.c **** * File Name: Em_EEPROM_1.c
   3:Generated_Source\PSoC6/Em_EEPROM_1.c **** * Version 2.20
   4:Generated_Source\PSoC6/Em_EEPROM_1.c **** *
   5:Generated_Source\PSoC6/Em_EEPROM_1.c **** * Description:
   6:Generated_Source\PSoC6/Em_EEPROM_1.c **** *  This file provides source code of the API for the Emulated EEPROM
   7:Generated_Source\PSoC6/Em_EEPROM_1.c **** *  Component.
   8:Generated_Source\PSoC6/Em_EEPROM_1.c **** *
   9:Generated_Source\PSoC6/Em_EEPROM_1.c **** ********************************************************************************
  10:Generated_Source\PSoC6/Em_EEPROM_1.c **** * Copyright 2013-2017, Cypress Semiconductor Corporation. All rights reserved.
  11:Generated_Source\PSoC6/Em_EEPROM_1.c **** * You may use this file only in accordance with the license, terms, conditions,
  12:Generated_Source\PSoC6/Em_EEPROM_1.c **** * disclaimers, and limitations in the end user license agreement accompanying
  13:Generated_Source\PSoC6/Em_EEPROM_1.c **** * the software package with which this file was provided.
  14:Generated_Source\PSoC6/Em_EEPROM_1.c **** *******************************************************************************/
  15:Generated_Source\PSoC6/Em_EEPROM_1.c **** 
  16:Generated_Source\PSoC6/Em_EEPROM_1.c **** #include "Em_EEPROM_1.h"
  17:Generated_Source\PSoC6/Em_EEPROM_1.c **** 
  18:Generated_Source\PSoC6/Em_EEPROM_1.c **** /** The instance-specific configuration structure. This should be used in the
  19:Generated_Source\PSoC6/Em_EEPROM_1.c **** *  associated Em_EEPROM_1_Init() function.
  20:Generated_Source\PSoC6/Em_EEPROM_1.c **** */
  21:Generated_Source\PSoC6/Em_EEPROM_1.c **** cy_stc_eeprom_config_t const Em_EEPROM_1_config =
  22:Generated_Source\PSoC6/Em_EEPROM_1.c **** {
  23:Generated_Source\PSoC6/Em_EEPROM_1.c ****     256U,
  24:Generated_Source\PSoC6/Em_EEPROM_1.c ****     1U,
  25:Generated_Source\PSoC6/Em_EEPROM_1.c ****     0U,
  26:Generated_Source\PSoC6/Em_EEPROM_1.c ****     0U,
  27:Generated_Source\PSoC6/Em_EEPROM_1.c ****     0U
  28:Generated_Source\PSoC6/Em_EEPROM_1.c **** };
  29:Generated_Source\PSoC6/Em_EEPROM_1.c **** 
  30:Generated_Source\PSoC6/Em_EEPROM_1.c **** /** The instance-specific context structure that holds all required information
ARM GAS  C:\Users\eduar\AppData\Local\Temp\ccVLv5Z2.s 			page 2


  31:Generated_Source\PSoC6/Em_EEPROM_1.c **** * about an EEPROM instance. This structure is filled by the Em_EEPROM
  32:Generated_Source\PSoC6/Em_EEPROM_1.c **** * library Init() function and used by EEPROM library functions.
  33:Generated_Source\PSoC6/Em_EEPROM_1.c **** */
  34:Generated_Source\PSoC6/Em_EEPROM_1.c **** cy_stc_eeprom_context_t Em_EEPROM_1_context;
  35:Generated_Source\PSoC6/Em_EEPROM_1.c **** 
  36:Generated_Source\PSoC6/Em_EEPROM_1.c **** /* For PSoC 6 place EEPROM into Emulated EEPROM flash area */
  37:Generated_Source\PSoC6/Em_EEPROM_1.c **** #if ((CY_PSOC6) && (Em_EEPROM_1_STORAGE_EM_EEPROM))
  38:Generated_Source\PSoC6/Em_EEPROM_1.c **** 
  39:Generated_Source\PSoC6/Em_EEPROM_1.c ****     CY_SECTION(".cy_em_eeprom") CY_ALIGN(CY_FLASH_SIZEOF_ROW)
  40:Generated_Source\PSoC6/Em_EEPROM_1.c ****     const uint8_t Em_EEPROM_1_em_EepromStorage[Em_EEPROM_1_ACTUAL_SIZE] = {0u};
  41:Generated_Source\PSoC6/Em_EEPROM_1.c **** 
  42:Generated_Source\PSoC6/Em_EEPROM_1.c **** #endif /* ((CY_PSOC6) && (Em_EEPROM_1_STORAGE_EM_EEPROM)) */
  43:Generated_Source\PSoC6/Em_EEPROM_1.c **** 
  44:Generated_Source\PSoC6/Em_EEPROM_1.c **** 
  45:Generated_Source\PSoC6/Em_EEPROM_1.c **** /*******************************************************************************
  46:Generated_Source\PSoC6/Em_EEPROM_1.c **** * Function Name: Em_EEPROM_1_Init
  47:Generated_Source\PSoC6/Em_EEPROM_1.c **** ********************************************************************************
  48:Generated_Source\PSoC6/Em_EEPROM_1.c **** *
  49:Generated_Source\PSoC6/Em_EEPROM_1.c **** * Fills the start address of the EEPROM to the component configuration structure
  50:Generated_Source\PSoC6/Em_EEPROM_1.c **** * and invokes Cy_Em_EEPROM_Init() function. In case of PSoC 6 the function 
  51:Generated_Source\PSoC6/Em_EEPROM_1.c **** * is located in Cy_Em_EEPROM middleware library which is part of PDL. In case if
  52:Generated_Source\PSoC6/Em_EEPROM_1.c **** * it is utilized in the design based on non-PSOC 6 device the function is 
  53:Generated_Source\PSoC6/Em_EEPROM_1.c **** * located in internal design wide resource component - Em_EEPROM_Dynamic.
  54:Generated_Source\PSoC6/Em_EEPROM_1.c **** *
  55:Generated_Source\PSoC6/Em_EEPROM_1.c **** * \param startAddress
  56:Generated_Source\PSoC6/Em_EEPROM_1.c **** * Start address of the EEPROM storage. For PSoC 6, if Emulated EEPROM is 
  57:Generated_Source\PSoC6/Em_EEPROM_1.c **** * selected for EEPROM storage, the start address will be overwritten to some 
  58:Generated_Source\PSoC6/Em_EEPROM_1.c **** * address from Emulated EEPROM flash area.
  59:Generated_Source\PSoC6/Em_EEPROM_1.c **** *
  60:Generated_Source\PSoC6/Em_EEPROM_1.c **** * \return
  61:Generated_Source\PSoC6/Em_EEPROM_1.c **** * A result of function execution of type cy_en_em_eeprom_status_t.
  62:Generated_Source\PSoC6/Em_EEPROM_1.c **** *
  63:Generated_Source\PSoC6/Em_EEPROM_1.c **** *******************************************************************************/
  64:Generated_Source\PSoC6/Em_EEPROM_1.c **** cy_en_em_eeprom_status_t Em_EEPROM_1_Init(uint32 startAddress)
  65:Generated_Source\PSoC6/Em_EEPROM_1.c **** {
  28              		.loc 1 65 0
  29              		.cfi_startproc
  30              		@ args = 0, pretend = 0, frame = 16
  31              		@ frame_needed = 0, uses_anonymous_args = 0
  32              	.LVL0:
  33 0000 00B5     		push	{lr}
  34              		.cfi_def_cfa_offset 4
  35              		.cfi_offset 14, -4
  36 0002 85B0     		sub	sp, sp, #20
  37              		.cfi_def_cfa_offset 24
  66:Generated_Source\PSoC6/Em_EEPROM_1.c ****     cy_en_em_eeprom_status_t ret;
  67:Generated_Source\PSoC6/Em_EEPROM_1.c ****     cy_stc_eeprom_config_t config;
  68:Generated_Source\PSoC6/Em_EEPROM_1.c **** 
  69:Generated_Source\PSoC6/Em_EEPROM_1.c ****     config.blockingWrite =      Em_EEPROM_1_config.blockingWrite;
  38              		.loc 1 69 0
  39 0004 0023     		movs	r3, #0
  40 0006 6A46     		mov	r2, sp
  41 0008 5372     		strb	r3, [r2, #9]
  70:Generated_Source\PSoC6/Em_EEPROM_1.c ****     config.eepromSize =         Em_EEPROM_1_config.eepromSize;
  42              		.loc 1 70 0
  43 000a 8022     		movs	r2, #128
  44 000c 5200     		lsls	r2, r2, #1
ARM GAS  C:\Users\eduar\AppData\Local\Temp\ccVLv5Z2.s 			page 3


  45 000e 0092     		str	r2, [sp]
  71:Generated_Source\PSoC6/Em_EEPROM_1.c ****     config.redundantCopy =      Em_EEPROM_1_config.redundantCopy;
  46              		.loc 1 71 0
  47 0010 6A46     		mov	r2, sp
  48 0012 1372     		strb	r3, [r2, #8]
  72:Generated_Source\PSoC6/Em_EEPROM_1.c ****     config.wearLevelingFactor = Em_EEPROM_1_config.wearLevelingFactor;
  49              		.loc 1 72 0
  50 0014 0133     		adds	r3, r3, #1
  51 0016 0193     		str	r3, [sp, #4]
  73:Generated_Source\PSoC6/Em_EEPROM_1.c ****     
  74:Generated_Source\PSoC6/Em_EEPROM_1.c **** #if ((CY_PSOC6) && (Em_EEPROM_1_STORAGE_EM_EEPROM))
  75:Generated_Source\PSoC6/Em_EEPROM_1.c ****     /* For PSoC 6, if Emulated EEPROM is selected - override the eeprom start 
  76:Generated_Source\PSoC6/Em_EEPROM_1.c ****     * address.
  77:Generated_Source\PSoC6/Em_EEPROM_1.c ****     */
  78:Generated_Source\PSoC6/Em_EEPROM_1.c ****     config.userFlashStartAddr = (uint32_t)Em_EEPROM_1_em_EepromStorage;
  52              		.loc 1 78 0
  53 0018 034B     		ldr	r3, .L2
  54 001a 0393     		str	r3, [sp, #12]
  79:Generated_Source\PSoC6/Em_EEPROM_1.c **** #else
  80:Generated_Source\PSoC6/Em_EEPROM_1.c ****     config.userFlashStartAddr = startAddress;
  81:Generated_Source\PSoC6/Em_EEPROM_1.c **** #endif /* ((CY_PSOC6) && (Em_EEPROM_1_STORAGE_EM_EEPROM)) */
  82:Generated_Source\PSoC6/Em_EEPROM_1.c ****         
  83:Generated_Source\PSoC6/Em_EEPROM_1.c ****     ret = Cy_Em_EEPROM_Init(&config, &Em_EEPROM_1_context);
  55              		.loc 1 83 0
  56 001c 0349     		ldr	r1, .L2+4
  57 001e 6846     		mov	r0, sp
  58              	.LVL1:
  59 0020 FFF7FEFF 		bl	Cy_Em_EEPROM_Init
  60              	.LVL2:
  84:Generated_Source\PSoC6/Em_EEPROM_1.c **** 
  85:Generated_Source\PSoC6/Em_EEPROM_1.c ****     return(ret);
  86:Generated_Source\PSoC6/Em_EEPROM_1.c **** }
  61              		.loc 1 86 0
  62 0024 05B0     		add	sp, sp, #20
  63              		@ sp needed
  64 0026 00BD     		pop	{pc}
  65              	.L3:
  66              		.align	2
  67              	.L2:
  68 0028 00000000 		.word	.LANCHOR0
  69 002c 00000000 		.word	Em_EEPROM_1_context
  70              		.cfi_endproc
  71              	.LFE45:
  72              		.size	Em_EEPROM_1_Init, .-Em_EEPROM_1_Init
  73              		.global	Em_EEPROM_1_em_EepromStorage
  74              		.comm	Em_EEPROM_1_context,28,4
  75              		.global	Em_EEPROM_1_config
  76              		.section	.cy_em_eeprom,"a",%progbits
  77              		.align	9
  78              		.set	.LANCHOR0,. + 0
  79              		.type	Em_EEPROM_1_em_EepromStorage, %object
  80              		.size	Em_EEPROM_1_em_EepromStorage, 512
  81              	Em_EEPROM_1_em_EepromStorage:
  82 0000 00000000 		.space	512
  82      00000000 
  82      00000000 
  82      00000000 
ARM GAS  C:\Users\eduar\AppData\Local\Temp\ccVLv5Z2.s 			page 4


  82      00000000 
  83              		.section	.rodata
  84              		.align	2
  85              		.type	Em_EEPROM_1_config, %object
  86              		.size	Em_EEPROM_1_config, 16
  87              	Em_EEPROM_1_config:
  88 0000 00010000 		.word	256
  89 0004 01000000 		.word	1
  90 0008 00       		.byte	0
  91 0009 00       		.byte	0
  92 000a 0000     		.space	2
  93 000c 00000000 		.word	0
  94              		.text
  95              	.Letext0:
  96              		.file 2 "c:\\program files (x86)\\cypress\\psoc creator\\4.4\\psoc creator\\import\\gnu\\arm\\5.4.
  97              		.file 3 "c:\\program files (x86)\\cypress\\psoc creator\\4.4\\psoc creator\\import\\gnu\\arm\\5.4.
  98              		.file 4 "Generated_Source\\PSoC6\\pdl\\drivers/peripheral/syslib/cy_syslib.h"
  99              		.file 5 "Generated_Source\\PSoC6\\pdl\\middleware/em_eeprom/cy_em_eeprom.h"
 100              		.section	.debug_info,"",%progbits
 101              	.Ldebug_info0:
 102 0000 98020000 		.4byte	0x298
 103 0004 0400     		.2byte	0x4
 104 0006 00000000 		.4byte	.Ldebug_abbrev0
 105 000a 04       		.byte	0x4
 106 000b 01       		.uleb128 0x1
 107 000c BD020000 		.4byte	.LASF39
 108 0010 0C       		.byte	0xc
 109 0011 35020000 		.4byte	.LASF40
 110 0015 F8010000 		.4byte	.LASF41
 111 0019 00000000 		.4byte	.Ldebug_ranges0+0
 112 001d 00000000 		.4byte	0
 113 0021 00000000 		.4byte	.Ldebug_line0
 114 0025 02       		.uleb128 0x2
 115 0026 02       		.byte	0x2
 116 0027 05       		.byte	0x5
 117 0028 5A020000 		.4byte	.LASF0
 118 002c 02       		.uleb128 0x2
 119 002d 01       		.byte	0x1
 120 002e 08       		.byte	0x8
 121 002f 01010000 		.4byte	.LASF1
 122 0033 02       		.uleb128 0x2
 123 0034 01       		.byte	0x1
 124 0035 06       		.byte	0x6
 125 0036 4F030000 		.4byte	.LASF2
 126 003a 03       		.uleb128 0x3
 127 003b 00000000 		.4byte	.LASF5
 128 003f 02       		.byte	0x2
 129 0040 1D       		.byte	0x1d
 130 0041 2C000000 		.4byte	0x2c
 131 0045 02       		.uleb128 0x2
 132 0046 02       		.byte	0x2
 133 0047 07       		.byte	0x7
 134 0048 B7000000 		.4byte	.LASF3
 135 004c 02       		.uleb128 0x2
 136 004d 04       		.byte	0x4
 137 004e 05       		.byte	0x5
 138 004f 8B020000 		.4byte	.LASF4
ARM GAS  C:\Users\eduar\AppData\Local\Temp\ccVLv5Z2.s 			page 5


 139 0053 03       		.uleb128 0x3
 140 0054 EF000000 		.4byte	.LASF6
 141 0058 02       		.byte	0x2
 142 0059 41       		.byte	0x41
 143 005a 5E000000 		.4byte	0x5e
 144 005e 02       		.uleb128 0x2
 145 005f 04       		.byte	0x4
 146 0060 07       		.byte	0x7
 147 0061 A5000000 		.4byte	.LASF7
 148 0065 02       		.uleb128 0x2
 149 0066 08       		.byte	0x8
 150 0067 05       		.byte	0x5
 151 0068 AE010000 		.4byte	.LASF8
 152 006c 02       		.uleb128 0x2
 153 006d 08       		.byte	0x8
 154 006e 07       		.byte	0x7
 155 006f 44010000 		.4byte	.LASF9
 156 0073 04       		.uleb128 0x4
 157 0074 04       		.byte	0x4
 158 0075 05       		.byte	0x5
 159 0076 696E7400 		.ascii	"int\000"
 160 007a 02       		.uleb128 0x2
 161 007b 04       		.byte	0x4
 162 007c 07       		.byte	0x7
 163 007d 0F010000 		.4byte	.LASF10
 164 0081 03       		.uleb128 0x3
 165 0082 5B010000 		.4byte	.LASF11
 166 0086 03       		.byte	0x3
 167 0087 18       		.byte	0x18
 168 0088 3A000000 		.4byte	0x3a
 169 008c 03       		.uleb128 0x3
 170 008d 82020000 		.4byte	.LASF12
 171 0091 03       		.byte	0x3
 172 0092 30       		.byte	0x30
 173 0093 53000000 		.4byte	0x53
 174 0097 02       		.uleb128 0x2
 175 0098 04       		.byte	0x4
 176 0099 07       		.byte	0x7
 177 009a A5010000 		.4byte	.LASF13
 178 009e 02       		.uleb128 0x2
 179 009f 08       		.byte	0x8
 180 00a0 04       		.byte	0x4
 181 00a1 B1020000 		.4byte	.LASF14
 182 00a5 02       		.uleb128 0x2
 183 00a6 01       		.byte	0x1
 184 00a7 08       		.byte	0x8
 185 00a8 DC010000 		.4byte	.LASF15
 186 00ac 02       		.uleb128 0x2
 187 00ad 04       		.byte	0x4
 188 00ae 04       		.byte	0x4
 189 00af 66000000 		.4byte	.LASF16
 190 00b3 02       		.uleb128 0x2
 191 00b4 08       		.byte	0x8
 192 00b5 04       		.byte	0x4
 193 00b6 E8000000 		.4byte	.LASF17
 194 00ba 05       		.uleb128 0x5
 195 00bb FA000000 		.4byte	.LASF18
ARM GAS  C:\Users\eduar\AppData\Local\Temp\ccVLv5Z2.s 			page 6


 196 00bf 04       		.byte	0x4
 197 00c0 EC03     		.2byte	0x3ec
 198 00c2 8C000000 		.4byte	0x8c
 199 00c6 06       		.uleb128 0x6
 200 00c7 10       		.byte	0x10
 201 00c8 05       		.byte	0x5
 202 00c9 9801     		.2byte	0x198
 203 00cb 11010000 		.4byte	0x111
 204 00cf 07       		.uleb128 0x7
 205 00d0 5B000000 		.4byte	.LASF19
 206 00d4 05       		.byte	0x5
 207 00d5 9B01     		.2byte	0x19b
 208 00d7 8C000000 		.4byte	0x8c
 209 00db 00       		.byte	0
 210 00dc 07       		.uleb128 0x7
 211 00dd 48000000 		.4byte	.LASF20
 212 00e1 05       		.byte	0x5
 213 00e2 A001     		.2byte	0x1a0
 214 00e4 8C000000 		.4byte	0x8c
 215 00e8 04       		.byte	0x4
 216 00e9 07       		.uleb128 0x7
 217 00ea 97010000 		.4byte	.LASF21
 218 00ee 05       		.byte	0x5
 219 00ef A301     		.2byte	0x1a3
 220 00f1 81000000 		.4byte	0x81
 221 00f5 08       		.byte	0x8
 222 00f6 07       		.uleb128 0x7
 223 00f7 78010000 		.4byte	.LASF22
 224 00fb 05       		.byte	0x5
 225 00fc A801     		.2byte	0x1a8
 226 00fe 81000000 		.4byte	0x81
 227 0102 09       		.byte	0x9
 228 0103 07       		.uleb128 0x7
 229 0104 6C000000 		.4byte	.LASF23
 230 0108 05       		.byte	0x5
 231 0109 AD01     		.2byte	0x1ad
 232 010b 8C000000 		.4byte	0x8c
 233 010f 0C       		.byte	0xc
 234 0110 00       		.byte	0
 235 0111 05       		.uleb128 0x5
 236 0112 CA000000 		.4byte	.LASF24
 237 0116 05       		.byte	0x5
 238 0117 AE01     		.2byte	0x1ae
 239 0119 C6000000 		.4byte	0xc6
 240 011d 06       		.uleb128 0x6
 241 011e 1C       		.byte	0x1c
 242 011f 05       		.byte	0x5
 243 0120 B501     		.2byte	0x1b5
 244 0122 8F010000 		.4byte	0x18f
 245 0126 07       		.uleb128 0x7
 246 0127 78020000 		.4byte	.LASF25
 247 012b 05       		.byte	0x5
 248 012c BA01     		.2byte	0x1ba
 249 012e 8C000000 		.4byte	0x8c
 250 0132 00       		.byte	0
 251 0133 07       		.uleb128 0x7
 252 0134 0A000000 		.4byte	.LASF26
ARM GAS  C:\Users\eduar\AppData\Local\Temp\ccVLv5Z2.s 			page 7


 253 0138 05       		.byte	0x5
 254 0139 BF01     		.2byte	0x1bf
 255 013b 8C000000 		.4byte	0x8c
 256 013f 04       		.byte	0x4
 257 0140 07       		.uleb128 0x7
 258 0141 7F000000 		.4byte	.LASF27
 259 0145 05       		.byte	0x5
 260 0146 C201     		.2byte	0x1c2
 261 0148 8C000000 		.4byte	0x8c
 262 014c 08       		.byte	0x8
 263 014d 07       		.uleb128 0x7
 264 014e 5B000000 		.4byte	.LASF19
 265 0152 05       		.byte	0x5
 266 0153 C501     		.2byte	0x1c5
 267 0155 8C000000 		.4byte	0x8c
 268 0159 0C       		.byte	0xc
 269 015a 07       		.uleb128 0x7
 270 015b 48000000 		.4byte	.LASF20
 271 015f 05       		.byte	0x5
 272 0160 CA01     		.2byte	0x1ca
 273 0162 8C000000 		.4byte	0x8c
 274 0166 10       		.byte	0x10
 275 0167 07       		.uleb128 0x7
 276 0168 97010000 		.4byte	.LASF21
 277 016c 05       		.byte	0x5
 278 016d CD01     		.2byte	0x1cd
 279 016f 81000000 		.4byte	0x81
 280 0173 14       		.byte	0x14
 281 0174 07       		.uleb128 0x7
 282 0175 78010000 		.4byte	.LASF22
 283 0179 05       		.byte	0x5
 284 017a D201     		.2byte	0x1d2
 285 017c 81000000 		.4byte	0x81
 286 0180 15       		.byte	0x15
 287 0181 07       		.uleb128 0x7
 288 0182 6C000000 		.4byte	.LASF23
 289 0186 05       		.byte	0x5
 290 0187 D501     		.2byte	0x1d5
 291 0189 8C000000 		.4byte	0x8c
 292 018d 18       		.byte	0x18
 293 018e 00       		.byte	0
 294 018f 05       		.uleb128 0x5
 295 0190 17000000 		.4byte	.LASF28
 296 0194 05       		.byte	0x5
 297 0195 D601     		.2byte	0x1d6
 298 0197 1D010000 		.4byte	0x11d
 299 019b 08       		.uleb128 0x8
 300 019c 04       		.byte	0x4
 301 019d 7A000000 		.4byte	0x7a
 302 01a1 05       		.byte	0x5
 303 01a2 EA01     		.2byte	0x1ea
 304 01a4 D3010000 		.4byte	0x1d3
 305 01a8 09       		.uleb128 0x9
 306 01a9 63010000 		.4byte	.LASF29
 307 01ad 00       		.byte	0
 308 01ae 0A       		.uleb128 0xa
 309 01af E1010000 		.4byte	.LASF30
ARM GAS  C:\Users\eduar\AppData\Local\Temp\ccVLv5Z2.s 			page 8


 310 01b3 01006E00 		.4byte	0x6e0001
 311 01b7 0A       		.uleb128 0xa
 312 01b8 5B030000 		.4byte	.LASF31
 313 01bc 02006E00 		.4byte	0x6e0002
 314 01c0 0A       		.uleb128 0xa
 315 01c1 2E010000 		.4byte	.LASF32
 316 01c5 03006E00 		.4byte	0x6e0003
 317 01c9 0A       		.uleb128 0xa
 318 01ca 8D000000 		.4byte	.LASF33
 319 01ce 04006E00 		.4byte	0x6e0004
 320 01d2 00       		.byte	0
 321 01d3 05       		.uleb128 0x5
 322 01d4 2F000000 		.4byte	.LASF34
 323 01d8 05       		.byte	0x5
 324 01d9 F001     		.2byte	0x1f0
 325 01db 9B010000 		.4byte	0x19b
 326 01df 0B       		.uleb128 0xb
 327 01e0 86010000 		.4byte	.LASF42
 328 01e4 01       		.byte	0x1
 329 01e5 40       		.byte	0x40
 330 01e6 D3010000 		.4byte	0x1d3
 331 01ea 00000000 		.4byte	.LFB45
 332 01ee 30000000 		.4byte	.LFE45-.LFB45
 333 01f2 01       		.uleb128 0x1
 334 01f3 9C       		.byte	0x9c
 335 01f4 3C020000 		.4byte	0x23c
 336 01f8 0C       		.uleb128 0xc
 337 01f9 CF010000 		.4byte	.LASF43
 338 01fd 01       		.byte	0x1
 339 01fe 40       		.byte	0x40
 340 01ff BA000000 		.4byte	0xba
 341 0203 00000000 		.4byte	.LLST0
 342 0207 0D       		.uleb128 0xd
 343 0208 72657400 		.ascii	"ret\000"
 344 020c 01       		.byte	0x1
 345 020d 42       		.byte	0x42
 346 020e D3010000 		.4byte	0x1d3
 347 0212 01       		.uleb128 0x1
 348 0213 50       		.byte	0x50
 349 0214 0E       		.uleb128 0xe
 350 0215 E1000000 		.4byte	.LASF35
 351 0219 01       		.byte	0x1
 352 021a 43       		.byte	0x43
 353 021b 11010000 		.4byte	0x111
 354 021f 02       		.uleb128 0x2
 355 0220 91       		.byte	0x91
 356 0221 68       		.sleb128 -24
 357 0222 0F       		.uleb128 0xf
 358 0223 24000000 		.4byte	.LVL2
 359 0227 8F020000 		.4byte	0x28f
 360 022b 10       		.uleb128 0x10
 361 022c 01       		.uleb128 0x1
 362 022d 50       		.byte	0x50
 363 022e 02       		.uleb128 0x2
 364 022f 7D       		.byte	0x7d
 365 0230 00       		.sleb128 0
 366 0231 10       		.uleb128 0x10
ARM GAS  C:\Users\eduar\AppData\Local\Temp\ccVLv5Z2.s 			page 9


 367 0232 01       		.uleb128 0x1
 368 0233 51       		.byte	0x51
 369 0234 05       		.uleb128 0x5
 370 0235 03       		.byte	0x3
 371 0236 00000000 		.4byte	Em_EEPROM_1_context
 372 023a 00       		.byte	0
 373 023b 00       		.byte	0
 374 023c 11       		.uleb128 0x11
 375 023d BC010000 		.4byte	.LASF36
 376 0241 01       		.byte	0x1
 377 0242 15       		.byte	0x15
 378 0243 4D020000 		.4byte	0x24d
 379 0247 05       		.uleb128 0x5
 380 0248 03       		.byte	0x3
 381 0249 00000000 		.4byte	Em_EEPROM_1_config
 382 024d 12       		.uleb128 0x12
 383 024e 11010000 		.4byte	0x111
 384 0252 11       		.uleb128 0x11
 385 0253 64020000 		.4byte	.LASF37
 386 0257 01       		.byte	0x1
 387 0258 22       		.byte	0x22
 388 0259 8F010000 		.4byte	0x18f
 389 025d 05       		.uleb128 0x5
 390 025e 03       		.byte	0x3
 391 025f 00000000 		.4byte	Em_EEPROM_1_context
 392 0263 13       		.uleb128 0x13
 393 0264 74020000 		.4byte	0x274
 394 0268 74020000 		.4byte	0x274
 395 026c 14       		.uleb128 0x14
 396 026d 97000000 		.4byte	0x97
 397 0271 FF01     		.2byte	0x1ff
 398 0273 00       		.byte	0
 399 0274 12       		.uleb128 0x12
 400 0275 81000000 		.4byte	0x81
 401 0279 11       		.uleb128 0x11
 402 027a 94020000 		.4byte	.LASF38
 403 027e 01       		.byte	0x1
 404 027f 28       		.byte	0x28
 405 0280 8A020000 		.4byte	0x28a
 406 0284 05       		.uleb128 0x5
 407 0285 03       		.byte	0x3
 408 0286 00000000 		.4byte	Em_EEPROM_1_em_EepromStorage
 409 028a 12       		.uleb128 0x12
 410 028b 63020000 		.4byte	0x263
 411 028f 15       		.uleb128 0x15
 412 0290 1C010000 		.4byte	.LASF44
 413 0294 1C010000 		.4byte	.LASF44
 414 0298 05       		.byte	0x5
 415 0299 FD01     		.2byte	0x1fd
 416 029b 00       		.byte	0
 417              		.section	.debug_abbrev,"",%progbits
 418              	.Ldebug_abbrev0:
 419 0000 01       		.uleb128 0x1
 420 0001 11       		.uleb128 0x11
 421 0002 01       		.byte	0x1
 422 0003 25       		.uleb128 0x25
 423 0004 0E       		.uleb128 0xe
ARM GAS  C:\Users\eduar\AppData\Local\Temp\ccVLv5Z2.s 			page 10


 424 0005 13       		.uleb128 0x13
 425 0006 0B       		.uleb128 0xb
 426 0007 03       		.uleb128 0x3
 427 0008 0E       		.uleb128 0xe
 428 0009 1B       		.uleb128 0x1b
 429 000a 0E       		.uleb128 0xe
 430 000b 55       		.uleb128 0x55
 431 000c 17       		.uleb128 0x17
 432 000d 11       		.uleb128 0x11
 433 000e 01       		.uleb128 0x1
 434 000f 10       		.uleb128 0x10
 435 0010 17       		.uleb128 0x17
 436 0011 00       		.byte	0
 437 0012 00       		.byte	0
 438 0013 02       		.uleb128 0x2
 439 0014 24       		.uleb128 0x24
 440 0015 00       		.byte	0
 441 0016 0B       		.uleb128 0xb
 442 0017 0B       		.uleb128 0xb
 443 0018 3E       		.uleb128 0x3e
 444 0019 0B       		.uleb128 0xb
 445 001a 03       		.uleb128 0x3
 446 001b 0E       		.uleb128 0xe
 447 001c 00       		.byte	0
 448 001d 00       		.byte	0
 449 001e 03       		.uleb128 0x3
 450 001f 16       		.uleb128 0x16
 451 0020 00       		.byte	0
 452 0021 03       		.uleb128 0x3
 453 0022 0E       		.uleb128 0xe
 454 0023 3A       		.uleb128 0x3a
 455 0024 0B       		.uleb128 0xb
 456 0025 3B       		.uleb128 0x3b
 457 0026 0B       		.uleb128 0xb
 458 0027 49       		.uleb128 0x49
 459 0028 13       		.uleb128 0x13
 460 0029 00       		.byte	0
 461 002a 00       		.byte	0
 462 002b 04       		.uleb128 0x4
 463 002c 24       		.uleb128 0x24
 464 002d 00       		.byte	0
 465 002e 0B       		.uleb128 0xb
 466 002f 0B       		.uleb128 0xb
 467 0030 3E       		.uleb128 0x3e
 468 0031 0B       		.uleb128 0xb
 469 0032 03       		.uleb128 0x3
 470 0033 08       		.uleb128 0x8
 471 0034 00       		.byte	0
 472 0035 00       		.byte	0
 473 0036 05       		.uleb128 0x5
 474 0037 16       		.uleb128 0x16
 475 0038 00       		.byte	0
 476 0039 03       		.uleb128 0x3
 477 003a 0E       		.uleb128 0xe
 478 003b 3A       		.uleb128 0x3a
 479 003c 0B       		.uleb128 0xb
 480 003d 3B       		.uleb128 0x3b
ARM GAS  C:\Users\eduar\AppData\Local\Temp\ccVLv5Z2.s 			page 11


 481 003e 05       		.uleb128 0x5
 482 003f 49       		.uleb128 0x49
 483 0040 13       		.uleb128 0x13
 484 0041 00       		.byte	0
 485 0042 00       		.byte	0
 486 0043 06       		.uleb128 0x6
 487 0044 13       		.uleb128 0x13
 488 0045 01       		.byte	0x1
 489 0046 0B       		.uleb128 0xb
 490 0047 0B       		.uleb128 0xb
 491 0048 3A       		.uleb128 0x3a
 492 0049 0B       		.uleb128 0xb
 493 004a 3B       		.uleb128 0x3b
 494 004b 05       		.uleb128 0x5
 495 004c 01       		.uleb128 0x1
 496 004d 13       		.uleb128 0x13
 497 004e 00       		.byte	0
 498 004f 00       		.byte	0
 499 0050 07       		.uleb128 0x7
 500 0051 0D       		.uleb128 0xd
 501 0052 00       		.byte	0
 502 0053 03       		.uleb128 0x3
 503 0054 0E       		.uleb128 0xe
 504 0055 3A       		.uleb128 0x3a
 505 0056 0B       		.uleb128 0xb
 506 0057 3B       		.uleb128 0x3b
 507 0058 05       		.uleb128 0x5
 508 0059 49       		.uleb128 0x49
 509 005a 13       		.uleb128 0x13
 510 005b 38       		.uleb128 0x38
 511 005c 0B       		.uleb128 0xb
 512 005d 00       		.byte	0
 513 005e 00       		.byte	0
 514 005f 08       		.uleb128 0x8
 515 0060 04       		.uleb128 0x4
 516 0061 01       		.byte	0x1
 517 0062 0B       		.uleb128 0xb
 518 0063 0B       		.uleb128 0xb
 519 0064 49       		.uleb128 0x49
 520 0065 13       		.uleb128 0x13
 521 0066 3A       		.uleb128 0x3a
 522 0067 0B       		.uleb128 0xb
 523 0068 3B       		.uleb128 0x3b
 524 0069 05       		.uleb128 0x5
 525 006a 01       		.uleb128 0x1
 526 006b 13       		.uleb128 0x13
 527 006c 00       		.byte	0
 528 006d 00       		.byte	0
 529 006e 09       		.uleb128 0x9
 530 006f 28       		.uleb128 0x28
 531 0070 00       		.byte	0
 532 0071 03       		.uleb128 0x3
 533 0072 0E       		.uleb128 0xe
 534 0073 1C       		.uleb128 0x1c
 535 0074 0B       		.uleb128 0xb
 536 0075 00       		.byte	0
 537 0076 00       		.byte	0
ARM GAS  C:\Users\eduar\AppData\Local\Temp\ccVLv5Z2.s 			page 12


 538 0077 0A       		.uleb128 0xa
 539 0078 28       		.uleb128 0x28
 540 0079 00       		.byte	0
 541 007a 03       		.uleb128 0x3
 542 007b 0E       		.uleb128 0xe
 543 007c 1C       		.uleb128 0x1c
 544 007d 06       		.uleb128 0x6
 545 007e 00       		.byte	0
 546 007f 00       		.byte	0
 547 0080 0B       		.uleb128 0xb
 548 0081 2E       		.uleb128 0x2e
 549 0082 01       		.byte	0x1
 550 0083 3F       		.uleb128 0x3f
 551 0084 19       		.uleb128 0x19
 552 0085 03       		.uleb128 0x3
 553 0086 0E       		.uleb128 0xe
 554 0087 3A       		.uleb128 0x3a
 555 0088 0B       		.uleb128 0xb
 556 0089 3B       		.uleb128 0x3b
 557 008a 0B       		.uleb128 0xb
 558 008b 27       		.uleb128 0x27
 559 008c 19       		.uleb128 0x19
 560 008d 49       		.uleb128 0x49
 561 008e 13       		.uleb128 0x13
 562 008f 11       		.uleb128 0x11
 563 0090 01       		.uleb128 0x1
 564 0091 12       		.uleb128 0x12
 565 0092 06       		.uleb128 0x6
 566 0093 40       		.uleb128 0x40
 567 0094 18       		.uleb128 0x18
 568 0095 9742     		.uleb128 0x2117
 569 0097 19       		.uleb128 0x19
 570 0098 01       		.uleb128 0x1
 571 0099 13       		.uleb128 0x13
 572 009a 00       		.byte	0
 573 009b 00       		.byte	0
 574 009c 0C       		.uleb128 0xc
 575 009d 05       		.uleb128 0x5
 576 009e 00       		.byte	0
 577 009f 03       		.uleb128 0x3
 578 00a0 0E       		.uleb128 0xe
 579 00a1 3A       		.uleb128 0x3a
 580 00a2 0B       		.uleb128 0xb
 581 00a3 3B       		.uleb128 0x3b
 582 00a4 0B       		.uleb128 0xb
 583 00a5 49       		.uleb128 0x49
 584 00a6 13       		.uleb128 0x13
 585 00a7 02       		.uleb128 0x2
 586 00a8 17       		.uleb128 0x17
 587 00a9 00       		.byte	0
 588 00aa 00       		.byte	0
 589 00ab 0D       		.uleb128 0xd
 590 00ac 34       		.uleb128 0x34
 591 00ad 00       		.byte	0
 592 00ae 03       		.uleb128 0x3
 593 00af 08       		.uleb128 0x8
 594 00b0 3A       		.uleb128 0x3a
ARM GAS  C:\Users\eduar\AppData\Local\Temp\ccVLv5Z2.s 			page 13


 595 00b1 0B       		.uleb128 0xb
 596 00b2 3B       		.uleb128 0x3b
 597 00b3 0B       		.uleb128 0xb
 598 00b4 49       		.uleb128 0x49
 599 00b5 13       		.uleb128 0x13
 600 00b6 02       		.uleb128 0x2
 601 00b7 18       		.uleb128 0x18
 602 00b8 00       		.byte	0
 603 00b9 00       		.byte	0
 604 00ba 0E       		.uleb128 0xe
 605 00bb 34       		.uleb128 0x34
 606 00bc 00       		.byte	0
 607 00bd 03       		.uleb128 0x3
 608 00be 0E       		.uleb128 0xe
 609 00bf 3A       		.uleb128 0x3a
 610 00c0 0B       		.uleb128 0xb
 611 00c1 3B       		.uleb128 0x3b
 612 00c2 0B       		.uleb128 0xb
 613 00c3 49       		.uleb128 0x49
 614 00c4 13       		.uleb128 0x13
 615 00c5 02       		.uleb128 0x2
 616 00c6 18       		.uleb128 0x18
 617 00c7 00       		.byte	0
 618 00c8 00       		.byte	0
 619 00c9 0F       		.uleb128 0xf
 620 00ca 898201   		.uleb128 0x4109
 621 00cd 01       		.byte	0x1
 622 00ce 11       		.uleb128 0x11
 623 00cf 01       		.uleb128 0x1
 624 00d0 31       		.uleb128 0x31
 625 00d1 13       		.uleb128 0x13
 626 00d2 00       		.byte	0
 627 00d3 00       		.byte	0
 628 00d4 10       		.uleb128 0x10
 629 00d5 8A8201   		.uleb128 0x410a
 630 00d8 00       		.byte	0
 631 00d9 02       		.uleb128 0x2
 632 00da 18       		.uleb128 0x18
 633 00db 9142     		.uleb128 0x2111
 634 00dd 18       		.uleb128 0x18
 635 00de 00       		.byte	0
 636 00df 00       		.byte	0
 637 00e0 11       		.uleb128 0x11
 638 00e1 34       		.uleb128 0x34
 639 00e2 00       		.byte	0
 640 00e3 03       		.uleb128 0x3
 641 00e4 0E       		.uleb128 0xe
 642 00e5 3A       		.uleb128 0x3a
 643 00e6 0B       		.uleb128 0xb
 644 00e7 3B       		.uleb128 0x3b
 645 00e8 0B       		.uleb128 0xb
 646 00e9 49       		.uleb128 0x49
 647 00ea 13       		.uleb128 0x13
 648 00eb 3F       		.uleb128 0x3f
 649 00ec 19       		.uleb128 0x19
 650 00ed 02       		.uleb128 0x2
 651 00ee 18       		.uleb128 0x18
ARM GAS  C:\Users\eduar\AppData\Local\Temp\ccVLv5Z2.s 			page 14


 652 00ef 00       		.byte	0
 653 00f0 00       		.byte	0
 654 00f1 12       		.uleb128 0x12
 655 00f2 26       		.uleb128 0x26
 656 00f3 00       		.byte	0
 657 00f4 49       		.uleb128 0x49
 658 00f5 13       		.uleb128 0x13
 659 00f6 00       		.byte	0
 660 00f7 00       		.byte	0
 661 00f8 13       		.uleb128 0x13
 662 00f9 01       		.uleb128 0x1
 663 00fa 01       		.byte	0x1
 664 00fb 49       		.uleb128 0x49
 665 00fc 13       		.uleb128 0x13
 666 00fd 01       		.uleb128 0x1
 667 00fe 13       		.uleb128 0x13
 668 00ff 00       		.byte	0
 669 0100 00       		.byte	0
 670 0101 14       		.uleb128 0x14
 671 0102 21       		.uleb128 0x21
 672 0103 00       		.byte	0
 673 0104 49       		.uleb128 0x49
 674 0105 13       		.uleb128 0x13
 675 0106 2F       		.uleb128 0x2f
 676 0107 05       		.uleb128 0x5
 677 0108 00       		.byte	0
 678 0109 00       		.byte	0
 679 010a 15       		.uleb128 0x15
 680 010b 2E       		.uleb128 0x2e
 681 010c 00       		.byte	0
 682 010d 3F       		.uleb128 0x3f
 683 010e 19       		.uleb128 0x19
 684 010f 3C       		.uleb128 0x3c
 685 0110 19       		.uleb128 0x19
 686 0111 6E       		.uleb128 0x6e
 687 0112 0E       		.uleb128 0xe
 688 0113 03       		.uleb128 0x3
 689 0114 0E       		.uleb128 0xe
 690 0115 3A       		.uleb128 0x3a
 691 0116 0B       		.uleb128 0xb
 692 0117 3B       		.uleb128 0x3b
 693 0118 05       		.uleb128 0x5
 694 0119 00       		.byte	0
 695 011a 00       		.byte	0
 696 011b 00       		.byte	0
 697              		.section	.debug_loc,"",%progbits
 698              	.Ldebug_loc0:
 699              	.LLST0:
 700 0000 00000000 		.4byte	.LVL0
 701 0004 20000000 		.4byte	.LVL1
 702 0008 0100     		.2byte	0x1
 703 000a 50       		.byte	0x50
 704 000b 20000000 		.4byte	.LVL1
 705 000f 30000000 		.4byte	.LFE45
 706 0013 0400     		.2byte	0x4
 707 0015 F3       		.byte	0xf3
 708 0016 01       		.uleb128 0x1
ARM GAS  C:\Users\eduar\AppData\Local\Temp\ccVLv5Z2.s 			page 15


 709 0017 50       		.byte	0x50
 710 0018 9F       		.byte	0x9f
 711 0019 00000000 		.4byte	0
 712 001d 00000000 		.4byte	0
 713              		.section	.debug_aranges,"",%progbits
 714 0000 1C000000 		.4byte	0x1c
 715 0004 0200     		.2byte	0x2
 716 0006 00000000 		.4byte	.Ldebug_info0
 717 000a 04       		.byte	0x4
 718 000b 00       		.byte	0
 719 000c 0000     		.2byte	0
 720 000e 0000     		.2byte	0
 721 0010 00000000 		.4byte	.LFB45
 722 0014 30000000 		.4byte	.LFE45-.LFB45
 723 0018 00000000 		.4byte	0
 724 001c 00000000 		.4byte	0
 725              		.section	.debug_ranges,"",%progbits
 726              	.Ldebug_ranges0:
 727 0000 00000000 		.4byte	.LFB45
 728 0004 30000000 		.4byte	.LFE45
 729 0008 00000000 		.4byte	0
 730 000c 00000000 		.4byte	0
 731              		.section	.debug_line,"",%progbits
 732              	.Ldebug_line0:
 733 0000 DB010000 		.section	.debug_str,"MS",%progbits,1
 733      0200BE01 
 733      00000201 
 733      FB0E0D00 
 733      01010101 
 734              	.LASF5:
 735 0000 5F5F7569 		.ascii	"__uint8_t\000"
 735      6E74385F 
 735      7400
 736              	.LASF26:
 737 000a 6E756D62 		.ascii	"numberOfRows\000"
 737      65724F66 
 737      526F7773 
 737      00
 738              	.LASF28:
 739 0017 63795F73 		.ascii	"cy_stc_eeprom_context_t\000"
 739      74635F65 
 739      6570726F 
 739      6D5F636F 
 739      6E746578 
 740              	.LASF34:
 741 002f 63795F65 		.ascii	"cy_en_em_eeprom_status_t\000"
 741      6E5F656D 
 741      5F656570 
 741      726F6D5F 
 741      73746174 
 742              	.LASF20:
 743 0048 77656172 		.ascii	"wearLevelingFactor\000"
 743      4C657665 
 743      6C696E67 
 743      46616374 
 743      6F7200
 744              	.LASF19:
ARM GAS  C:\Users\eduar\AppData\Local\Temp\ccVLv5Z2.s 			page 16


 745 005b 65657072 		.ascii	"eepromSize\000"
 745      6F6D5369 
 745      7A6500
 746              	.LASF16:
 747 0066 666C6F61 		.ascii	"float\000"
 747      7400
 748              	.LASF23:
 749 006c 75736572 		.ascii	"userFlashStartAddr\000"
 749      466C6173 
 749      68537461 
 749      72744164 
 749      647200
 750              	.LASF27:
 751 007f 6C617374 		.ascii	"lastWrRowAddr\000"
 751      5772526F 
 751      77416464 
 751      7200
 752              	.LASF33:
 753 008d 43595F45 		.ascii	"CY_EM_EEPROM_WRITE_FAIL\000"
 753      4D5F4545 
 753      50524F4D 
 753      5F575249 
 753      54455F46 
 754              	.LASF7:
 755 00a5 6C6F6E67 		.ascii	"long unsigned int\000"
 755      20756E73 
 755      69676E65 
 755      6420696E 
 755      7400
 756              	.LASF3:
 757 00b7 73686F72 		.ascii	"short unsigned int\000"
 757      7420756E 
 757      7369676E 
 757      65642069 
 757      6E7400
 758              	.LASF24:
 759 00ca 63795F73 		.ascii	"cy_stc_eeprom_config_t\000"
 759      74635F65 
 759      6570726F 
 759      6D5F636F 
 759      6E666967 
 760              	.LASF35:
 761 00e1 636F6E66 		.ascii	"config\000"
 761      696700
 762              	.LASF17:
 763 00e8 646F7562 		.ascii	"double\000"
 763      6C6500
 764              	.LASF6:
 765 00ef 5F5F7569 		.ascii	"__uint32_t\000"
 765      6E743332 
 765      5F7400
 766              	.LASF18:
 767 00fa 75696E74 		.ascii	"uint32\000"
 767      333200
 768              	.LASF1:
 769 0101 756E7369 		.ascii	"unsigned char\000"
 769      676E6564 
ARM GAS  C:\Users\eduar\AppData\Local\Temp\ccVLv5Z2.s 			page 17


 769      20636861 
 769      7200
 770              	.LASF10:
 771 010f 756E7369 		.ascii	"unsigned int\000"
 771      676E6564 
 771      20696E74 
 771      00
 772              	.LASF44:
 773 011c 43795F45 		.ascii	"Cy_Em_EEPROM_Init\000"
 773      6D5F4545 
 773      50524F4D 
 773      5F496E69 
 773      7400
 774              	.LASF32:
 775 012e 43595F45 		.ascii	"CY_EM_EEPROM_BAD_DATA\000"
 775      4D5F4545 
 775      50524F4D 
 775      5F424144 
 775      5F444154 
 776              	.LASF9:
 777 0144 6C6F6E67 		.ascii	"long long unsigned int\000"
 777      206C6F6E 
 777      6720756E 
 777      7369676E 
 777      65642069 
 778              	.LASF11:
 779 015b 75696E74 		.ascii	"uint8_t\000"
 779      385F7400 
 780              	.LASF29:
 781 0163 43595F45 		.ascii	"CY_EM_EEPROM_SUCCESS\000"
 781      4D5F4545 
 781      50524F4D 
 781      5F535543 
 781      43455353 
 782              	.LASF22:
 783 0178 626C6F63 		.ascii	"blockingWrite\000"
 783      6B696E67 
 783      57726974 
 783      6500
 784              	.LASF42:
 785 0186 456D5F45 		.ascii	"Em_EEPROM_1_Init\000"
 785      4550524F 
 785      4D5F315F 
 785      496E6974 
 785      00
 786              	.LASF21:
 787 0197 72656475 		.ascii	"redundantCopy\000"
 787      6E64616E 
 787      74436F70 
 787      7900
 788              	.LASF13:
 789 01a5 73697A65 		.ascii	"sizetype\000"
 789      74797065 
 789      00
 790              	.LASF8:
 791 01ae 6C6F6E67 		.ascii	"long long int\000"
 791      206C6F6E 
ARM GAS  C:\Users\eduar\AppData\Local\Temp\ccVLv5Z2.s 			page 18


 791      6720696E 
 791      7400
 792              	.LASF36:
 793 01bc 456D5F45 		.ascii	"Em_EEPROM_1_config\000"
 793      4550524F 
 793      4D5F315F 
 793      636F6E66 
 793      696700
 794              	.LASF43:
 795 01cf 73746172 		.ascii	"startAddress\000"
 795      74416464 
 795      72657373 
 795      00
 796              	.LASF15:
 797 01dc 63686172 		.ascii	"char\000"
 797      00
 798              	.LASF30:
 799 01e1 43595F45 		.ascii	"CY_EM_EEPROM_BAD_PARAM\000"
 799      4D5F4545 
 799      50524F4D 
 799      5F424144 
 799      5F504152 
 800              	.LASF41:
 801 01f8 433A5C55 		.ascii	"C:\\Users\\eduar\\Documents\\PSoC Creator\\ic_eduar"
 801      73657273 
 801      5C656475 
 801      61725C44 
 801      6F63756D 
 802 0226 646F5C74 		.ascii	"do\\tests.cydsn\000"
 802      65737473 
 802      2E637964 
 802      736E00
 803              	.LASF40:
 804 0235 47656E65 		.ascii	"Generated_Source\\PSoC6\\Em_EEPROM_1.c\000"
 804      72617465 
 804      645F536F 
 804      75726365 
 804      5C50536F 
 805              	.LASF0:
 806 025a 73686F72 		.ascii	"short int\000"
 806      7420696E 
 806      7400
 807              	.LASF37:
 808 0264 456D5F45 		.ascii	"Em_EEPROM_1_context\000"
 808      4550524F 
 808      4D5F315F 
 808      636F6E74 
 808      65787400 
 809              	.LASF25:
 810 0278 776C456E 		.ascii	"wlEndAddr\000"
 810      64416464 
 810      7200
 811              	.LASF12:
 812 0282 75696E74 		.ascii	"uint32_t\000"
 812      33325F74 
 812      00
 813              	.LASF4:
ARM GAS  C:\Users\eduar\AppData\Local\Temp\ccVLv5Z2.s 			page 19


 814 028b 6C6F6E67 		.ascii	"long int\000"
 814      20696E74 
 814      00
 815              	.LASF38:
 816 0294 456D5F45 		.ascii	"Em_EEPROM_1_em_EepromStorage\000"
 816      4550524F 
 816      4D5F315F 
 816      656D5F45 
 816      6570726F 
 817              	.LASF14:
 818 02b1 6C6F6E67 		.ascii	"long double\000"
 818      20646F75 
 818      626C6500 
 819              	.LASF39:
 820 02bd 474E5520 		.ascii	"GNU C11 5.4.1 20160609 (release) [ARM/embedded-5-br"
 820      43313120 
 820      352E342E 
 820      31203230 
 820      31363036 
 821 02f0 616E6368 		.ascii	"anch revision 237715] -mcpu=cortex-m0plus -mthumb -"
 821      20726576 
 821      6973696F 
 821      6E203233 
 821      37373135 
 822 0323 67202D4F 		.ascii	"g -Og -ffunction-sections -ffat-lto-objects\000"
 822      67202D66 
 822      66756E63 
 822      74696F6E 
 822      2D736563 
 823              	.LASF2:
 824 034f 7369676E 		.ascii	"signed char\000"
 824      65642063 
 824      68617200 
 825              	.LASF31:
 826 035b 43595F45 		.ascii	"CY_EM_EEPROM_BAD_CHECKSUM\000"
 826      4D5F4545 
 826      50524F4D 
 826      5F424144 
 826      5F434845 
 827              		.ident	"GCC: (GNU Tools for ARM Embedded Processors) 5.4.1 20160609 (release) [ARM/embedded-5-bran
