ARM GAS  C:\Users\eduar\AppData\Local\Temp\cc4KDuIp.s 			page 1


   1              		.syntax unified
   2              		.cpu cortex-m4
   3              		.eabi_attribute 27, 1
   4              		.fpu fpv4-sp-d16
   5              		.eabi_attribute 20, 1
   6              		.eabi_attribute 21, 1
   7              		.eabi_attribute 23, 3
   8              		.eabi_attribute 24, 1
   9              		.eabi_attribute 25, 1
  10              		.eabi_attribute 26, 1
  11              		.eabi_attribute 30, 1
  12              		.eabi_attribute 34, 1
  13              		.eabi_attribute 18, 4
  14              		.thumb
  15              		.syntax unified
  16              		.file	"Em_EEPROM_1.c"
  17              		.text
  18              	.Ltext0:
  19              		.cfi_sections	.debug_frame
  20              		.section	.text.Em_EEPROM_1_Init,"ax",%progbits
  21              		.align	2
  22              		.global	Em_EEPROM_1_Init
  23              		.thumb
  24              		.thumb_func
  25              		.type	Em_EEPROM_1_Init, %function
  26              	Em_EEPROM_1_Init:
  27              	.LFB132:
  28              		.file 1 "Generated_Source\\PSoC6\\Em_EEPROM_1.c"
   1:Generated_Source\PSoC6/Em_EEPROM_1.c **** /*******************************************************************************
   2:Generated_Source\PSoC6/Em_EEPROM_1.c **** * File Name: Em_EEPROM_1.c
   3:Generated_Source\PSoC6/Em_EEPROM_1.c **** * Version 2.20
   4:Generated_Source\PSoC6/Em_EEPROM_1.c **** *
   5:Generated_Source\PSoC6/Em_EEPROM_1.c **** * Description:
   6:Generated_Source\PSoC6/Em_EEPROM_1.c **** *  This file provides source code of the API for the Emulated EEPROM
   7:Generated_Source\PSoC6/Em_EEPROM_1.c **** *  Component.
   8:Generated_Source\PSoC6/Em_EEPROM_1.c **** *
   9:Generated_Source\PSoC6/Em_EEPROM_1.c **** ********************************************************************************
  10:Generated_Source\PSoC6/Em_EEPROM_1.c **** * Copyright 2013-2017, Cypress Semiconductor Corporation. All rights reserved.
  11:Generated_Source\PSoC6/Em_EEPROM_1.c **** * You may use this file only in accordance with the license, terms, conditions,
  12:Generated_Source\PSoC6/Em_EEPROM_1.c **** * disclaimers, and limitations in the end user license agreement accompanying
  13:Generated_Source\PSoC6/Em_EEPROM_1.c **** * the software package with which this file was provided.
  14:Generated_Source\PSoC6/Em_EEPROM_1.c **** *******************************************************************************/
  15:Generated_Source\PSoC6/Em_EEPROM_1.c **** 
  16:Generated_Source\PSoC6/Em_EEPROM_1.c **** #include "Em_EEPROM_1.h"
  17:Generated_Source\PSoC6/Em_EEPROM_1.c **** 
  18:Generated_Source\PSoC6/Em_EEPROM_1.c **** /** The instance-specific configuration structure. This should be used in the
  19:Generated_Source\PSoC6/Em_EEPROM_1.c **** *  associated Em_EEPROM_1_Init() function.
  20:Generated_Source\PSoC6/Em_EEPROM_1.c **** */
  21:Generated_Source\PSoC6/Em_EEPROM_1.c **** cy_stc_eeprom_config_t const Em_EEPROM_1_config =
  22:Generated_Source\PSoC6/Em_EEPROM_1.c **** {
  23:Generated_Source\PSoC6/Em_EEPROM_1.c ****     256U,
  24:Generated_Source\PSoC6/Em_EEPROM_1.c ****     1U,
  25:Generated_Source\PSoC6/Em_EEPROM_1.c ****     0U,
  26:Generated_Source\PSoC6/Em_EEPROM_1.c ****     0U,
  27:Generated_Source\PSoC6/Em_EEPROM_1.c ****     0U
  28:Generated_Source\PSoC6/Em_EEPROM_1.c **** };
  29:Generated_Source\PSoC6/Em_EEPROM_1.c **** 
ARM GAS  C:\Users\eduar\AppData\Local\Temp\cc4KDuIp.s 			page 2


  30:Generated_Source\PSoC6/Em_EEPROM_1.c **** /** The instance-specific context structure that holds all required information
  31:Generated_Source\PSoC6/Em_EEPROM_1.c **** * about an EEPROM instance. This structure is filled by the Em_EEPROM
  32:Generated_Source\PSoC6/Em_EEPROM_1.c **** * library Init() function and used by EEPROM library functions.
  33:Generated_Source\PSoC6/Em_EEPROM_1.c **** */
  34:Generated_Source\PSoC6/Em_EEPROM_1.c **** cy_stc_eeprom_context_t Em_EEPROM_1_context;
  35:Generated_Source\PSoC6/Em_EEPROM_1.c **** 
  36:Generated_Source\PSoC6/Em_EEPROM_1.c **** /* For PSoC 6 place EEPROM into Emulated EEPROM flash area */
  37:Generated_Source\PSoC6/Em_EEPROM_1.c **** #if ((CY_PSOC6) && (Em_EEPROM_1_STORAGE_EM_EEPROM))
  38:Generated_Source\PSoC6/Em_EEPROM_1.c **** 
  39:Generated_Source\PSoC6/Em_EEPROM_1.c ****     CY_SECTION(".cy_em_eeprom") CY_ALIGN(CY_FLASH_SIZEOF_ROW)
  40:Generated_Source\PSoC6/Em_EEPROM_1.c ****     const uint8_t Em_EEPROM_1_em_EepromStorage[Em_EEPROM_1_ACTUAL_SIZE] = {0u};
  41:Generated_Source\PSoC6/Em_EEPROM_1.c **** 
  42:Generated_Source\PSoC6/Em_EEPROM_1.c **** #endif /* ((CY_PSOC6) && (Em_EEPROM_1_STORAGE_EM_EEPROM)) */
  43:Generated_Source\PSoC6/Em_EEPROM_1.c **** 
  44:Generated_Source\PSoC6/Em_EEPROM_1.c **** 
  45:Generated_Source\PSoC6/Em_EEPROM_1.c **** /*******************************************************************************
  46:Generated_Source\PSoC6/Em_EEPROM_1.c **** * Function Name: Em_EEPROM_1_Init
  47:Generated_Source\PSoC6/Em_EEPROM_1.c **** ********************************************************************************
  48:Generated_Source\PSoC6/Em_EEPROM_1.c **** *
  49:Generated_Source\PSoC6/Em_EEPROM_1.c **** * Fills the start address of the EEPROM to the component configuration structure
  50:Generated_Source\PSoC6/Em_EEPROM_1.c **** * and invokes Cy_Em_EEPROM_Init() function. In case of PSoC 6 the function 
  51:Generated_Source\PSoC6/Em_EEPROM_1.c **** * is located in Cy_Em_EEPROM middleware library which is part of PDL. In case if
  52:Generated_Source\PSoC6/Em_EEPROM_1.c **** * it is utilized in the design based on non-PSOC 6 device the function is 
  53:Generated_Source\PSoC6/Em_EEPROM_1.c **** * located in internal design wide resource component - Em_EEPROM_Dynamic.
  54:Generated_Source\PSoC6/Em_EEPROM_1.c **** *
  55:Generated_Source\PSoC6/Em_EEPROM_1.c **** * \param startAddress
  56:Generated_Source\PSoC6/Em_EEPROM_1.c **** * Start address of the EEPROM storage. For PSoC 6, if Emulated EEPROM is 
  57:Generated_Source\PSoC6/Em_EEPROM_1.c **** * selected for EEPROM storage, the start address will be overwritten to some 
  58:Generated_Source\PSoC6/Em_EEPROM_1.c **** * address from Emulated EEPROM flash area.
  59:Generated_Source\PSoC6/Em_EEPROM_1.c **** *
  60:Generated_Source\PSoC6/Em_EEPROM_1.c **** * \return
  61:Generated_Source\PSoC6/Em_EEPROM_1.c **** * A result of function execution of type cy_en_em_eeprom_status_t.
  62:Generated_Source\PSoC6/Em_EEPROM_1.c **** *
  63:Generated_Source\PSoC6/Em_EEPROM_1.c **** *******************************************************************************/
  64:Generated_Source\PSoC6/Em_EEPROM_1.c **** cy_en_em_eeprom_status_t Em_EEPROM_1_Init(uint32 startAddress)
  65:Generated_Source\PSoC6/Em_EEPROM_1.c **** {
  29              		.loc 1 65 0
  30              		.cfi_startproc
  31              		@ args = 0, pretend = 0, frame = 16
  32              		@ frame_needed = 0, uses_anonymous_args = 0
  33              	.LVL0:
  34 0000 00B5     		push	{lr}
  35              		.cfi_def_cfa_offset 4
  36              		.cfi_offset 14, -4
  37 0002 85B0     		sub	sp, sp, #20
  38              		.cfi_def_cfa_offset 24
  66:Generated_Source\PSoC6/Em_EEPROM_1.c ****     cy_en_em_eeprom_status_t ret;
  67:Generated_Source\PSoC6/Em_EEPROM_1.c ****     cy_stc_eeprom_config_t config;
  68:Generated_Source\PSoC6/Em_EEPROM_1.c **** 
  69:Generated_Source\PSoC6/Em_EEPROM_1.c ****     config.blockingWrite =      Em_EEPROM_1_config.blockingWrite;
  39              		.loc 1 69 0
  40 0004 0023     		movs	r3, #0
  41 0006 8DF80930 		strb	r3, [sp, #9]
  70:Generated_Source\PSoC6/Em_EEPROM_1.c ****     config.eepromSize =         Em_EEPROM_1_config.eepromSize;
  42              		.loc 1 70 0
  43 000a 4FF48072 		mov	r2, #256
  44 000e 0092     		str	r2, [sp]
ARM GAS  C:\Users\eduar\AppData\Local\Temp\cc4KDuIp.s 			page 3


  71:Generated_Source\PSoC6/Em_EEPROM_1.c ****     config.redundantCopy =      Em_EEPROM_1_config.redundantCopy;
  45              		.loc 1 71 0
  46 0010 8DF80830 		strb	r3, [sp, #8]
  72:Generated_Source\PSoC6/Em_EEPROM_1.c ****     config.wearLevelingFactor = Em_EEPROM_1_config.wearLevelingFactor;
  47              		.loc 1 72 0
  48 0014 0123     		movs	r3, #1
  49 0016 0193     		str	r3, [sp, #4]
  73:Generated_Source\PSoC6/Em_EEPROM_1.c ****     
  74:Generated_Source\PSoC6/Em_EEPROM_1.c **** #if ((CY_PSOC6) && (Em_EEPROM_1_STORAGE_EM_EEPROM))
  75:Generated_Source\PSoC6/Em_EEPROM_1.c ****     /* For PSoC 6, if Emulated EEPROM is selected - override the eeprom start 
  76:Generated_Source\PSoC6/Em_EEPROM_1.c ****     * address.
  77:Generated_Source\PSoC6/Em_EEPROM_1.c ****     */
  78:Generated_Source\PSoC6/Em_EEPROM_1.c ****     config.userFlashStartAddr = (uint32_t)Em_EEPROM_1_em_EepromStorage;
  50              		.loc 1 78 0
  51 0018 044B     		ldr	r3, .L3
  52 001a 0393     		str	r3, [sp, #12]
  79:Generated_Source\PSoC6/Em_EEPROM_1.c **** #else
  80:Generated_Source\PSoC6/Em_EEPROM_1.c ****     config.userFlashStartAddr = startAddress;
  81:Generated_Source\PSoC6/Em_EEPROM_1.c **** #endif /* ((CY_PSOC6) && (Em_EEPROM_1_STORAGE_EM_EEPROM)) */
  82:Generated_Source\PSoC6/Em_EEPROM_1.c ****         
  83:Generated_Source\PSoC6/Em_EEPROM_1.c ****     ret = Cy_Em_EEPROM_Init(&config, &Em_EEPROM_1_context);
  53              		.loc 1 83 0
  54 001c 0449     		ldr	r1, .L3+4
  55 001e 6846     		mov	r0, sp
  56              	.LVL1:
  57 0020 FFF7FEFF 		bl	Cy_Em_EEPROM_Init
  58              	.LVL2:
  84:Generated_Source\PSoC6/Em_EEPROM_1.c **** 
  85:Generated_Source\PSoC6/Em_EEPROM_1.c ****     return(ret);
  86:Generated_Source\PSoC6/Em_EEPROM_1.c **** }
  59              		.loc 1 86 0
  60 0024 05B0     		add	sp, sp, #20
  61              		.cfi_def_cfa_offset 4
  62              		@ sp needed
  63 0026 5DF804FB 		ldr	pc, [sp], #4
  64              	.L4:
  65 002a 00BF     		.align	2
  66              	.L3:
  67 002c 00000000 		.word	.LANCHOR0
  68 0030 00000000 		.word	Em_EEPROM_1_context
  69              		.cfi_endproc
  70              	.LFE132:
  71              		.size	Em_EEPROM_1_Init, .-Em_EEPROM_1_Init
  72              		.global	Em_EEPROM_1_em_EepromStorage
  73              		.comm	Em_EEPROM_1_context,28,4
  74              		.global	Em_EEPROM_1_config
  75              		.section	.cy_em_eeprom,"a",%progbits
  76              		.align	9
  77              		.set	.LANCHOR0,. + 0
  78              		.type	Em_EEPROM_1_em_EepromStorage, %object
  79              		.size	Em_EEPROM_1_em_EepromStorage, 512
  80              	Em_EEPROM_1_em_EepromStorage:
  81 0000 00000000 		.space	512
  81      00000000 
  81      00000000 
  81      00000000 
  81      00000000 
ARM GAS  C:\Users\eduar\AppData\Local\Temp\cc4KDuIp.s 			page 4


  82              		.section	.rodata
  83              		.align	2
  84              		.type	Em_EEPROM_1_config, %object
  85              		.size	Em_EEPROM_1_config, 16
  86              	Em_EEPROM_1_config:
  87 0000 00010000 		.word	256
  88 0004 01000000 		.word	1
  89 0008 00       		.byte	0
  90 0009 00       		.byte	0
  91 000a 0000     		.space	2
  92 000c 00000000 		.word	0
  93              		.text
  94              	.Letext0:
  95              		.file 2 "c:\\program files (x86)\\cypress\\psoc creator\\4.4\\psoc creator\\import\\gnu\\arm\\5.4.
  96              		.file 3 "c:\\program files (x86)\\cypress\\psoc creator\\4.4\\psoc creator\\import\\gnu\\arm\\5.4.
  97              		.file 4 "Generated_Source\\PSoC6\\pdl\\drivers/peripheral/syslib/cy_syslib.h"
  98              		.file 5 "Generated_Source\\PSoC6\\pdl\\middleware/em_eeprom/cy_em_eeprom.h"
  99              		.file 6 "Generated_Source\\PSoC6\\pdl\\cmsis/include/core_cm4.h"
 100              		.section	.debug_info,"",%progbits
 101              	.Ldebug_info0:
 102 0000 BF020000 		.4byte	0x2bf
 103 0004 0400     		.2byte	0x4
 104 0006 00000000 		.4byte	.Ldebug_abbrev0
 105 000a 04       		.byte	0x4
 106 000b 01       		.uleb128 0x1
 107 000c 89020000 		.4byte	.LASF42
 108 0010 0C       		.byte	0xc
 109 0011 46020000 		.4byte	.LASF43
 110 0015 09020000 		.4byte	.LASF44
 111 0019 00000000 		.4byte	.Ldebug_ranges0+0
 112 001d 00000000 		.4byte	0
 113 0021 00000000 		.4byte	.Ldebug_line0
 114 0025 02       		.uleb128 0x2
 115 0026 02       		.byte	0x2
 116 0027 05       		.byte	0x5
 117 0028 6B020000 		.4byte	.LASF0
 118 002c 02       		.uleb128 0x2
 119 002d 01       		.byte	0x1
 120 002e 06       		.byte	0x6
 121 002f 8F030000 		.4byte	.LASF1
 122 0033 03       		.uleb128 0x3
 123 0034 00000000 		.4byte	.LASF4
 124 0038 02       		.byte	0x2
 125 0039 1D       		.byte	0x1d
 126 003a 3E000000 		.4byte	0x3e
 127 003e 02       		.uleb128 0x2
 128 003f 01       		.byte	0x1
 129 0040 08       		.byte	0x8
 130 0041 0A010000 		.4byte	.LASF2
 131 0045 02       		.uleb128 0x2
 132 0046 02       		.byte	0x2
 133 0047 07       		.byte	0x7
 134 0048 CA000000 		.4byte	.LASF3
 135 004c 03       		.uleb128 0x3
 136 004d 2E000000 		.4byte	.LASF5
 137 0051 02       		.byte	0x2
 138 0052 3F       		.byte	0x3f
ARM GAS  C:\Users\eduar\AppData\Local\Temp\cc4KDuIp.s 			page 5


 139 0053 57000000 		.4byte	0x57
 140 0057 02       		.uleb128 0x2
 141 0058 04       		.byte	0x4
 142 0059 05       		.byte	0x5
 143 005a 4F030000 		.4byte	.LASF6
 144 005e 03       		.uleb128 0x3
 145 005f F8000000 		.4byte	.LASF7
 146 0063 02       		.byte	0x2
 147 0064 41       		.byte	0x41
 148 0065 69000000 		.4byte	0x69
 149 0069 02       		.uleb128 0x2
 150 006a 04       		.byte	0x4
 151 006b 07       		.byte	0x7
 152 006c B8000000 		.4byte	.LASF8
 153 0070 02       		.uleb128 0x2
 154 0071 08       		.byte	0x8
 155 0072 05       		.byte	0x5
 156 0073 BF010000 		.4byte	.LASF9
 157 0077 02       		.uleb128 0x2
 158 0078 08       		.byte	0x8
 159 0079 07       		.byte	0x7
 160 007a 4D010000 		.4byte	.LASF10
 161 007e 04       		.uleb128 0x4
 162 007f 04       		.byte	0x4
 163 0080 05       		.byte	0x5
 164 0081 696E7400 		.ascii	"int\000"
 165 0085 02       		.uleb128 0x2
 166 0086 04       		.byte	0x4
 167 0087 07       		.byte	0x7
 168 0088 18010000 		.4byte	.LASF11
 169 008c 03       		.uleb128 0x3
 170 008d 64010000 		.4byte	.LASF12
 171 0091 03       		.byte	0x3
 172 0092 18       		.byte	0x18
 173 0093 33000000 		.4byte	0x33
 174 0097 03       		.uleb128 0x3
 175 0098 AE010000 		.4byte	.LASF13
 176 009c 03       		.byte	0x3
 177 009d 2C       		.byte	0x2c
 178 009e 4C000000 		.4byte	0x4c
 179 00a2 03       		.uleb128 0x3
 180 00a3 46030000 		.4byte	.LASF14
 181 00a7 03       		.byte	0x3
 182 00a8 30       		.byte	0x30
 183 00a9 5E000000 		.4byte	0x5e
 184 00ad 02       		.uleb128 0x2
 185 00ae 04       		.byte	0x4
 186 00af 07       		.byte	0x7
 187 00b0 B6010000 		.4byte	.LASF15
 188 00b4 02       		.uleb128 0x2
 189 00b5 08       		.byte	0x8
 190 00b6 04       		.byte	0x4
 191 00b7 75030000 		.4byte	.LASF16
 192 00bb 02       		.uleb128 0x2
 193 00bc 01       		.byte	0x1
 194 00bd 08       		.byte	0x8
 195 00be ED010000 		.4byte	.LASF17
ARM GAS  C:\Users\eduar\AppData\Local\Temp\cc4KDuIp.s 			page 6


 196 00c2 02       		.uleb128 0x2
 197 00c3 04       		.byte	0x4
 198 00c4 04       		.byte	0x4
 199 00c5 87000000 		.4byte	.LASF18
 200 00c9 02       		.uleb128 0x2
 201 00ca 08       		.byte	0x8
 202 00cb 04       		.byte	0x4
 203 00cc F1000000 		.4byte	.LASF19
 204 00d0 05       		.uleb128 0x5
 205 00d1 03010000 		.4byte	.LASF20
 206 00d5 04       		.byte	0x4
 207 00d6 EC03     		.2byte	0x3ec
 208 00d8 A2000000 		.4byte	0xa2
 209 00dc 06       		.uleb128 0x6
 210 00dd 10       		.byte	0x10
 211 00de 05       		.byte	0x5
 212 00df 9801     		.2byte	0x198
 213 00e1 27010000 		.4byte	0x127
 214 00e5 07       		.uleb128 0x7
 215 00e6 7C000000 		.4byte	.LASF21
 216 00ea 05       		.byte	0x5
 217 00eb 9B01     		.2byte	0x19b
 218 00ed A2000000 		.4byte	0xa2
 219 00f1 00       		.byte	0
 220 00f2 07       		.uleb128 0x7
 221 00f3 69000000 		.4byte	.LASF22
 222 00f7 05       		.byte	0x5
 223 00f8 A001     		.2byte	0x1a0
 224 00fa A2000000 		.4byte	0xa2
 225 00fe 04       		.byte	0x4
 226 00ff 07       		.uleb128 0x7
 227 0100 A0010000 		.4byte	.LASF23
 228 0104 05       		.byte	0x5
 229 0105 A301     		.2byte	0x1a3
 230 0107 8C000000 		.4byte	0x8c
 231 010b 08       		.byte	0x8
 232 010c 07       		.uleb128 0x7
 233 010d 81010000 		.4byte	.LASF24
 234 0111 05       		.byte	0x5
 235 0112 A801     		.2byte	0x1a8
 236 0114 8C000000 		.4byte	0x8c
 237 0118 09       		.byte	0x9
 238 0119 07       		.uleb128 0x7
 239 011a 8D000000 		.4byte	.LASF25
 240 011e 05       		.byte	0x5
 241 011f AD01     		.2byte	0x1ad
 242 0121 A2000000 		.4byte	0xa2
 243 0125 0C       		.byte	0xc
 244 0126 00       		.byte	0
 245 0127 05       		.uleb128 0x5
 246 0128 0A000000 		.4byte	.LASF26
 247 012c 05       		.byte	0x5
 248 012d AE01     		.2byte	0x1ae
 249 012f DC000000 		.4byte	0xdc
 250 0133 06       		.uleb128 0x6
 251 0134 1C       		.byte	0x1c
 252 0135 05       		.byte	0x5
ARM GAS  C:\Users\eduar\AppData\Local\Temp\cc4KDuIp.s 			page 7


 253 0136 B501     		.2byte	0x1b5
 254 0138 A5010000 		.4byte	0x1a5
 255 013c 07       		.uleb128 0x7
 256 013d 3C030000 		.4byte	.LASF27
 257 0141 05       		.byte	0x5
 258 0142 BA01     		.2byte	0x1ba
 259 0144 A2000000 		.4byte	0xa2
 260 0148 00       		.byte	0
 261 0149 07       		.uleb128 0x7
 262 014a 21000000 		.4byte	.LASF28
 263 014e 05       		.byte	0x5
 264 014f BF01     		.2byte	0x1bf
 265 0151 A2000000 		.4byte	0xa2
 266 0155 04       		.byte	0x4
 267 0156 07       		.uleb128 0x7
 268 0157 81030000 		.4byte	.LASF29
 269 015b 05       		.byte	0x5
 270 015c C201     		.2byte	0x1c2
 271 015e A2000000 		.4byte	0xa2
 272 0162 08       		.byte	0x8
 273 0163 07       		.uleb128 0x7
 274 0164 7C000000 		.4byte	.LASF21
 275 0168 05       		.byte	0x5
 276 0169 C501     		.2byte	0x1c5
 277 016b A2000000 		.4byte	0xa2
 278 016f 0C       		.byte	0xc
 279 0170 07       		.uleb128 0x7
 280 0171 69000000 		.4byte	.LASF22
 281 0175 05       		.byte	0x5
 282 0176 CA01     		.2byte	0x1ca
 283 0178 A2000000 		.4byte	0xa2
 284 017c 10       		.byte	0x10
 285 017d 07       		.uleb128 0x7
 286 017e A0010000 		.4byte	.LASF23
 287 0182 05       		.byte	0x5
 288 0183 CD01     		.2byte	0x1cd
 289 0185 8C000000 		.4byte	0x8c
 290 0189 14       		.byte	0x14
 291 018a 07       		.uleb128 0x7
 292 018b 81010000 		.4byte	.LASF24
 293 018f 05       		.byte	0x5
 294 0190 D201     		.2byte	0x1d2
 295 0192 8C000000 		.4byte	0x8c
 296 0196 15       		.byte	0x15
 297 0197 07       		.uleb128 0x7
 298 0198 8D000000 		.4byte	.LASF25
 299 019c 05       		.byte	0x5
 300 019d D501     		.2byte	0x1d5
 301 019f A2000000 		.4byte	0xa2
 302 01a3 18       		.byte	0x18
 303 01a4 00       		.byte	0
 304 01a5 05       		.uleb128 0x5
 305 01a6 38000000 		.4byte	.LASF30
 306 01aa 05       		.byte	0x5
 307 01ab D601     		.2byte	0x1d6
 308 01ad 33010000 		.4byte	0x133
 309 01b1 08       		.uleb128 0x8
ARM GAS  C:\Users\eduar\AppData\Local\Temp\cc4KDuIp.s 			page 8


 310 01b2 04       		.byte	0x4
 311 01b3 85000000 		.4byte	0x85
 312 01b7 05       		.byte	0x5
 313 01b8 EA01     		.2byte	0x1ea
 314 01ba E9010000 		.4byte	0x1e9
 315 01be 09       		.uleb128 0x9
 316 01bf 6C010000 		.4byte	.LASF31
 317 01c3 00       		.byte	0
 318 01c4 0A       		.uleb128 0xa
 319 01c5 F2010000 		.4byte	.LASF32
 320 01c9 01006E00 		.4byte	0x6e0001
 321 01cd 0A       		.uleb128 0xa
 322 01ce 9B030000 		.4byte	.LASF33
 323 01d2 02006E00 		.4byte	0x6e0002
 324 01d6 0A       		.uleb128 0xa
 325 01d7 37010000 		.4byte	.LASF34
 326 01db 03006E00 		.4byte	0x6e0003
 327 01df 0A       		.uleb128 0xa
 328 01e0 A0000000 		.4byte	.LASF35
 329 01e4 04006E00 		.4byte	0x6e0004
 330 01e8 00       		.byte	0
 331 01e9 05       		.uleb128 0x5
 332 01ea 50000000 		.4byte	.LASF36
 333 01ee 05       		.byte	0x5
 334 01ef F001     		.2byte	0x1f0
 335 01f1 B1010000 		.4byte	0x1b1
 336 01f5 0B       		.uleb128 0xb
 337 01f6 8F010000 		.4byte	.LASF45
 338 01fa 01       		.byte	0x1
 339 01fb 40       		.byte	0x40
 340 01fc E9010000 		.4byte	0x1e9
 341 0200 00000000 		.4byte	.LFB132
 342 0204 34000000 		.4byte	.LFE132-.LFB132
 343 0208 01       		.uleb128 0x1
 344 0209 9C       		.byte	0x9c
 345 020a 52020000 		.4byte	0x252
 346 020e 0C       		.uleb128 0xc
 347 020f E0010000 		.4byte	.LASF46
 348 0213 01       		.byte	0x1
 349 0214 40       		.byte	0x40
 350 0215 D0000000 		.4byte	0xd0
 351 0219 00000000 		.4byte	.LLST0
 352 021d 0D       		.uleb128 0xd
 353 021e 72657400 		.ascii	"ret\000"
 354 0222 01       		.byte	0x1
 355 0223 42       		.byte	0x42
 356 0224 E9010000 		.4byte	0x1e9
 357 0228 01       		.uleb128 0x1
 358 0229 50       		.byte	0x50
 359 022a 0E       		.uleb128 0xe
 360 022b EA000000 		.4byte	.LASF37
 361 022f 01       		.byte	0x1
 362 0230 43       		.byte	0x43
 363 0231 27010000 		.4byte	0x127
 364 0235 02       		.uleb128 0x2
 365 0236 91       		.byte	0x91
 366 0237 68       		.sleb128 -24
ARM GAS  C:\Users\eduar\AppData\Local\Temp\cc4KDuIp.s 			page 9


 367 0238 0F       		.uleb128 0xf
 368 0239 24000000 		.4byte	.LVL2
 369 023d B6020000 		.4byte	0x2b6
 370 0241 10       		.uleb128 0x10
 371 0242 01       		.uleb128 0x1
 372 0243 50       		.byte	0x50
 373 0244 02       		.uleb128 0x2
 374 0245 7D       		.byte	0x7d
 375 0246 00       		.sleb128 0
 376 0247 10       		.uleb128 0x10
 377 0248 01       		.uleb128 0x1
 378 0249 51       		.byte	0x51
 379 024a 05       		.uleb128 0x5
 380 024b 03       		.byte	0x3
 381 024c 00000000 		.4byte	Em_EEPROM_1_context
 382 0250 00       		.byte	0
 383 0251 00       		.byte	0
 384 0252 11       		.uleb128 0x11
 385 0253 DD000000 		.4byte	.LASF38
 386 0257 06       		.byte	0x6
 387 0258 F907     		.2byte	0x7f9
 388 025a 5E020000 		.4byte	0x25e
 389 025e 12       		.uleb128 0x12
 390 025f 97000000 		.4byte	0x97
 391 0263 13       		.uleb128 0x13
 392 0264 CD010000 		.4byte	.LASF39
 393 0268 01       		.byte	0x1
 394 0269 15       		.byte	0x15
 395 026a 74020000 		.4byte	0x274
 396 026e 05       		.uleb128 0x5
 397 026f 03       		.byte	0x3
 398 0270 00000000 		.4byte	Em_EEPROM_1_config
 399 0274 14       		.uleb128 0x14
 400 0275 27010000 		.4byte	0x127
 401 0279 13       		.uleb128 0x13
 402 027a 75020000 		.4byte	.LASF40
 403 027e 01       		.byte	0x1
 404 027f 22       		.byte	0x22
 405 0280 A5010000 		.4byte	0x1a5
 406 0284 05       		.uleb128 0x5
 407 0285 03       		.byte	0x3
 408 0286 00000000 		.4byte	Em_EEPROM_1_context
 409 028a 15       		.uleb128 0x15
 410 028b 9B020000 		.4byte	0x29b
 411 028f 9B020000 		.4byte	0x29b
 412 0293 16       		.uleb128 0x16
 413 0294 AD000000 		.4byte	0xad
 414 0298 FF01     		.2byte	0x1ff
 415 029a 00       		.byte	0
 416 029b 14       		.uleb128 0x14
 417 029c 8C000000 		.4byte	0x8c
 418 02a0 13       		.uleb128 0x13
 419 02a1 58030000 		.4byte	.LASF41
 420 02a5 01       		.byte	0x1
 421 02a6 28       		.byte	0x28
 422 02a7 B1020000 		.4byte	0x2b1
 423 02ab 05       		.uleb128 0x5
ARM GAS  C:\Users\eduar\AppData\Local\Temp\cc4KDuIp.s 			page 10


 424 02ac 03       		.byte	0x3
 425 02ad 00000000 		.4byte	Em_EEPROM_1_em_EepromStorage
 426 02b1 14       		.uleb128 0x14
 427 02b2 8A020000 		.4byte	0x28a
 428 02b6 17       		.uleb128 0x17
 429 02b7 25010000 		.4byte	.LASF47
 430 02bb 25010000 		.4byte	.LASF47
 431 02bf 05       		.byte	0x5
 432 02c0 FD01     		.2byte	0x1fd
 433 02c2 00       		.byte	0
 434              		.section	.debug_abbrev,"",%progbits
 435              	.Ldebug_abbrev0:
 436 0000 01       		.uleb128 0x1
 437 0001 11       		.uleb128 0x11
 438 0002 01       		.byte	0x1
 439 0003 25       		.uleb128 0x25
 440 0004 0E       		.uleb128 0xe
 441 0005 13       		.uleb128 0x13
 442 0006 0B       		.uleb128 0xb
 443 0007 03       		.uleb128 0x3
 444 0008 0E       		.uleb128 0xe
 445 0009 1B       		.uleb128 0x1b
 446 000a 0E       		.uleb128 0xe
 447 000b 55       		.uleb128 0x55
 448 000c 17       		.uleb128 0x17
 449 000d 11       		.uleb128 0x11
 450 000e 01       		.uleb128 0x1
 451 000f 10       		.uleb128 0x10
 452 0010 17       		.uleb128 0x17
 453 0011 00       		.byte	0
 454 0012 00       		.byte	0
 455 0013 02       		.uleb128 0x2
 456 0014 24       		.uleb128 0x24
 457 0015 00       		.byte	0
 458 0016 0B       		.uleb128 0xb
 459 0017 0B       		.uleb128 0xb
 460 0018 3E       		.uleb128 0x3e
 461 0019 0B       		.uleb128 0xb
 462 001a 03       		.uleb128 0x3
 463 001b 0E       		.uleb128 0xe
 464 001c 00       		.byte	0
 465 001d 00       		.byte	0
 466 001e 03       		.uleb128 0x3
 467 001f 16       		.uleb128 0x16
 468 0020 00       		.byte	0
 469 0021 03       		.uleb128 0x3
 470 0022 0E       		.uleb128 0xe
 471 0023 3A       		.uleb128 0x3a
 472 0024 0B       		.uleb128 0xb
 473 0025 3B       		.uleb128 0x3b
 474 0026 0B       		.uleb128 0xb
 475 0027 49       		.uleb128 0x49
 476 0028 13       		.uleb128 0x13
 477 0029 00       		.byte	0
 478 002a 00       		.byte	0
 479 002b 04       		.uleb128 0x4
 480 002c 24       		.uleb128 0x24
ARM GAS  C:\Users\eduar\AppData\Local\Temp\cc4KDuIp.s 			page 11


 481 002d 00       		.byte	0
 482 002e 0B       		.uleb128 0xb
 483 002f 0B       		.uleb128 0xb
 484 0030 3E       		.uleb128 0x3e
 485 0031 0B       		.uleb128 0xb
 486 0032 03       		.uleb128 0x3
 487 0033 08       		.uleb128 0x8
 488 0034 00       		.byte	0
 489 0035 00       		.byte	0
 490 0036 05       		.uleb128 0x5
 491 0037 16       		.uleb128 0x16
 492 0038 00       		.byte	0
 493 0039 03       		.uleb128 0x3
 494 003a 0E       		.uleb128 0xe
 495 003b 3A       		.uleb128 0x3a
 496 003c 0B       		.uleb128 0xb
 497 003d 3B       		.uleb128 0x3b
 498 003e 05       		.uleb128 0x5
 499 003f 49       		.uleb128 0x49
 500 0040 13       		.uleb128 0x13
 501 0041 00       		.byte	0
 502 0042 00       		.byte	0
 503 0043 06       		.uleb128 0x6
 504 0044 13       		.uleb128 0x13
 505 0045 01       		.byte	0x1
 506 0046 0B       		.uleb128 0xb
 507 0047 0B       		.uleb128 0xb
 508 0048 3A       		.uleb128 0x3a
 509 0049 0B       		.uleb128 0xb
 510 004a 3B       		.uleb128 0x3b
 511 004b 05       		.uleb128 0x5
 512 004c 01       		.uleb128 0x1
 513 004d 13       		.uleb128 0x13
 514 004e 00       		.byte	0
 515 004f 00       		.byte	0
 516 0050 07       		.uleb128 0x7
 517 0051 0D       		.uleb128 0xd
 518 0052 00       		.byte	0
 519 0053 03       		.uleb128 0x3
 520 0054 0E       		.uleb128 0xe
 521 0055 3A       		.uleb128 0x3a
 522 0056 0B       		.uleb128 0xb
 523 0057 3B       		.uleb128 0x3b
 524 0058 05       		.uleb128 0x5
 525 0059 49       		.uleb128 0x49
 526 005a 13       		.uleb128 0x13
 527 005b 38       		.uleb128 0x38
 528 005c 0B       		.uleb128 0xb
 529 005d 00       		.byte	0
 530 005e 00       		.byte	0
 531 005f 08       		.uleb128 0x8
 532 0060 04       		.uleb128 0x4
 533 0061 01       		.byte	0x1
 534 0062 0B       		.uleb128 0xb
 535 0063 0B       		.uleb128 0xb
 536 0064 49       		.uleb128 0x49
 537 0065 13       		.uleb128 0x13
ARM GAS  C:\Users\eduar\AppData\Local\Temp\cc4KDuIp.s 			page 12


 538 0066 3A       		.uleb128 0x3a
 539 0067 0B       		.uleb128 0xb
 540 0068 3B       		.uleb128 0x3b
 541 0069 05       		.uleb128 0x5
 542 006a 01       		.uleb128 0x1
 543 006b 13       		.uleb128 0x13
 544 006c 00       		.byte	0
 545 006d 00       		.byte	0
 546 006e 09       		.uleb128 0x9
 547 006f 28       		.uleb128 0x28
 548 0070 00       		.byte	0
 549 0071 03       		.uleb128 0x3
 550 0072 0E       		.uleb128 0xe
 551 0073 1C       		.uleb128 0x1c
 552 0074 0B       		.uleb128 0xb
 553 0075 00       		.byte	0
 554 0076 00       		.byte	0
 555 0077 0A       		.uleb128 0xa
 556 0078 28       		.uleb128 0x28
 557 0079 00       		.byte	0
 558 007a 03       		.uleb128 0x3
 559 007b 0E       		.uleb128 0xe
 560 007c 1C       		.uleb128 0x1c
 561 007d 06       		.uleb128 0x6
 562 007e 00       		.byte	0
 563 007f 00       		.byte	0
 564 0080 0B       		.uleb128 0xb
 565 0081 2E       		.uleb128 0x2e
 566 0082 01       		.byte	0x1
 567 0083 3F       		.uleb128 0x3f
 568 0084 19       		.uleb128 0x19
 569 0085 03       		.uleb128 0x3
 570 0086 0E       		.uleb128 0xe
 571 0087 3A       		.uleb128 0x3a
 572 0088 0B       		.uleb128 0xb
 573 0089 3B       		.uleb128 0x3b
 574 008a 0B       		.uleb128 0xb
 575 008b 27       		.uleb128 0x27
 576 008c 19       		.uleb128 0x19
 577 008d 49       		.uleb128 0x49
 578 008e 13       		.uleb128 0x13
 579 008f 11       		.uleb128 0x11
 580 0090 01       		.uleb128 0x1
 581 0091 12       		.uleb128 0x12
 582 0092 06       		.uleb128 0x6
 583 0093 40       		.uleb128 0x40
 584 0094 18       		.uleb128 0x18
 585 0095 9742     		.uleb128 0x2117
 586 0097 19       		.uleb128 0x19
 587 0098 01       		.uleb128 0x1
 588 0099 13       		.uleb128 0x13
 589 009a 00       		.byte	0
 590 009b 00       		.byte	0
 591 009c 0C       		.uleb128 0xc
 592 009d 05       		.uleb128 0x5
 593 009e 00       		.byte	0
 594 009f 03       		.uleb128 0x3
ARM GAS  C:\Users\eduar\AppData\Local\Temp\cc4KDuIp.s 			page 13


 595 00a0 0E       		.uleb128 0xe
 596 00a1 3A       		.uleb128 0x3a
 597 00a2 0B       		.uleb128 0xb
 598 00a3 3B       		.uleb128 0x3b
 599 00a4 0B       		.uleb128 0xb
 600 00a5 49       		.uleb128 0x49
 601 00a6 13       		.uleb128 0x13
 602 00a7 02       		.uleb128 0x2
 603 00a8 17       		.uleb128 0x17
 604 00a9 00       		.byte	0
 605 00aa 00       		.byte	0
 606 00ab 0D       		.uleb128 0xd
 607 00ac 34       		.uleb128 0x34
 608 00ad 00       		.byte	0
 609 00ae 03       		.uleb128 0x3
 610 00af 08       		.uleb128 0x8
 611 00b0 3A       		.uleb128 0x3a
 612 00b1 0B       		.uleb128 0xb
 613 00b2 3B       		.uleb128 0x3b
 614 00b3 0B       		.uleb128 0xb
 615 00b4 49       		.uleb128 0x49
 616 00b5 13       		.uleb128 0x13
 617 00b6 02       		.uleb128 0x2
 618 00b7 18       		.uleb128 0x18
 619 00b8 00       		.byte	0
 620 00b9 00       		.byte	0
 621 00ba 0E       		.uleb128 0xe
 622 00bb 34       		.uleb128 0x34
 623 00bc 00       		.byte	0
 624 00bd 03       		.uleb128 0x3
 625 00be 0E       		.uleb128 0xe
 626 00bf 3A       		.uleb128 0x3a
 627 00c0 0B       		.uleb128 0xb
 628 00c1 3B       		.uleb128 0x3b
 629 00c2 0B       		.uleb128 0xb
 630 00c3 49       		.uleb128 0x49
 631 00c4 13       		.uleb128 0x13
 632 00c5 02       		.uleb128 0x2
 633 00c6 18       		.uleb128 0x18
 634 00c7 00       		.byte	0
 635 00c8 00       		.byte	0
 636 00c9 0F       		.uleb128 0xf
 637 00ca 898201   		.uleb128 0x4109
 638 00cd 01       		.byte	0x1
 639 00ce 11       		.uleb128 0x11
 640 00cf 01       		.uleb128 0x1
 641 00d0 31       		.uleb128 0x31
 642 00d1 13       		.uleb128 0x13
 643 00d2 00       		.byte	0
 644 00d3 00       		.byte	0
 645 00d4 10       		.uleb128 0x10
 646 00d5 8A8201   		.uleb128 0x410a
 647 00d8 00       		.byte	0
 648 00d9 02       		.uleb128 0x2
 649 00da 18       		.uleb128 0x18
 650 00db 9142     		.uleb128 0x2111
 651 00dd 18       		.uleb128 0x18
ARM GAS  C:\Users\eduar\AppData\Local\Temp\cc4KDuIp.s 			page 14


 652 00de 00       		.byte	0
 653 00df 00       		.byte	0
 654 00e0 11       		.uleb128 0x11
 655 00e1 34       		.uleb128 0x34
 656 00e2 00       		.byte	0
 657 00e3 03       		.uleb128 0x3
 658 00e4 0E       		.uleb128 0xe
 659 00e5 3A       		.uleb128 0x3a
 660 00e6 0B       		.uleb128 0xb
 661 00e7 3B       		.uleb128 0x3b
 662 00e8 05       		.uleb128 0x5
 663 00e9 49       		.uleb128 0x49
 664 00ea 13       		.uleb128 0x13
 665 00eb 3F       		.uleb128 0x3f
 666 00ec 19       		.uleb128 0x19
 667 00ed 3C       		.uleb128 0x3c
 668 00ee 19       		.uleb128 0x19
 669 00ef 00       		.byte	0
 670 00f0 00       		.byte	0
 671 00f1 12       		.uleb128 0x12
 672 00f2 35       		.uleb128 0x35
 673 00f3 00       		.byte	0
 674 00f4 49       		.uleb128 0x49
 675 00f5 13       		.uleb128 0x13
 676 00f6 00       		.byte	0
 677 00f7 00       		.byte	0
 678 00f8 13       		.uleb128 0x13
 679 00f9 34       		.uleb128 0x34
 680 00fa 00       		.byte	0
 681 00fb 03       		.uleb128 0x3
 682 00fc 0E       		.uleb128 0xe
 683 00fd 3A       		.uleb128 0x3a
 684 00fe 0B       		.uleb128 0xb
 685 00ff 3B       		.uleb128 0x3b
 686 0100 0B       		.uleb128 0xb
 687 0101 49       		.uleb128 0x49
 688 0102 13       		.uleb128 0x13
 689 0103 3F       		.uleb128 0x3f
 690 0104 19       		.uleb128 0x19
 691 0105 02       		.uleb128 0x2
 692 0106 18       		.uleb128 0x18
 693 0107 00       		.byte	0
 694 0108 00       		.byte	0
 695 0109 14       		.uleb128 0x14
 696 010a 26       		.uleb128 0x26
 697 010b 00       		.byte	0
 698 010c 49       		.uleb128 0x49
 699 010d 13       		.uleb128 0x13
 700 010e 00       		.byte	0
 701 010f 00       		.byte	0
 702 0110 15       		.uleb128 0x15
 703 0111 01       		.uleb128 0x1
 704 0112 01       		.byte	0x1
 705 0113 49       		.uleb128 0x49
 706 0114 13       		.uleb128 0x13
 707 0115 01       		.uleb128 0x1
 708 0116 13       		.uleb128 0x13
ARM GAS  C:\Users\eduar\AppData\Local\Temp\cc4KDuIp.s 			page 15


 709 0117 00       		.byte	0
 710 0118 00       		.byte	0
 711 0119 16       		.uleb128 0x16
 712 011a 21       		.uleb128 0x21
 713 011b 00       		.byte	0
 714 011c 49       		.uleb128 0x49
 715 011d 13       		.uleb128 0x13
 716 011e 2F       		.uleb128 0x2f
 717 011f 05       		.uleb128 0x5
 718 0120 00       		.byte	0
 719 0121 00       		.byte	0
 720 0122 17       		.uleb128 0x17
 721 0123 2E       		.uleb128 0x2e
 722 0124 00       		.byte	0
 723 0125 3F       		.uleb128 0x3f
 724 0126 19       		.uleb128 0x19
 725 0127 3C       		.uleb128 0x3c
 726 0128 19       		.uleb128 0x19
 727 0129 6E       		.uleb128 0x6e
 728 012a 0E       		.uleb128 0xe
 729 012b 03       		.uleb128 0x3
 730 012c 0E       		.uleb128 0xe
 731 012d 3A       		.uleb128 0x3a
 732 012e 0B       		.uleb128 0xb
 733 012f 3B       		.uleb128 0x3b
 734 0130 05       		.uleb128 0x5
 735 0131 00       		.byte	0
 736 0132 00       		.byte	0
 737 0133 00       		.byte	0
 738              		.section	.debug_loc,"",%progbits
 739              	.Ldebug_loc0:
 740              	.LLST0:
 741 0000 00000000 		.4byte	.LVL0
 742 0004 20000000 		.4byte	.LVL1
 743 0008 0100     		.2byte	0x1
 744 000a 50       		.byte	0x50
 745 000b 20000000 		.4byte	.LVL1
 746 000f 34000000 		.4byte	.LFE132
 747 0013 0400     		.2byte	0x4
 748 0015 F3       		.byte	0xf3
 749 0016 01       		.uleb128 0x1
 750 0017 50       		.byte	0x50
 751 0018 9F       		.byte	0x9f
 752 0019 00000000 		.4byte	0
 753 001d 00000000 		.4byte	0
 754              		.section	.debug_aranges,"",%progbits
 755 0000 1C000000 		.4byte	0x1c
 756 0004 0200     		.2byte	0x2
 757 0006 00000000 		.4byte	.Ldebug_info0
 758 000a 04       		.byte	0x4
 759 000b 00       		.byte	0
 760 000c 0000     		.2byte	0
 761 000e 0000     		.2byte	0
 762 0010 00000000 		.4byte	.LFB132
 763 0014 34000000 		.4byte	.LFE132-.LFB132
 764 0018 00000000 		.4byte	0
 765 001c 00000000 		.4byte	0
ARM GAS  C:\Users\eduar\AppData\Local\Temp\cc4KDuIp.s 			page 16


 766              		.section	.debug_ranges,"",%progbits
 767              	.Ldebug_ranges0:
 768 0000 00000000 		.4byte	.LFB132
 769 0004 34000000 		.4byte	.LFE132
 770 0008 00000000 		.4byte	0
 771 000c 00000000 		.4byte	0
 772              		.section	.debug_line,"",%progbits
 773              	.Ldebug_line0:
 774 0000 12020000 		.section	.debug_str,"MS",%progbits,1
 774      0200F501 
 774      00000201 
 774      FB0E0D00 
 774      01010101 
 775              	.LASF4:
 776 0000 5F5F7569 		.ascii	"__uint8_t\000"
 776      6E74385F 
 776      7400
 777              	.LASF26:
 778 000a 63795F73 		.ascii	"cy_stc_eeprom_config_t\000"
 778      74635F65 
 778      6570726F 
 778      6D5F636F 
 778      6E666967 
 779              	.LASF28:
 780 0021 6E756D62 		.ascii	"numberOfRows\000"
 780      65724F66 
 780      526F7773 
 780      00
 781              	.LASF5:
 782 002e 5F5F696E 		.ascii	"__int32_t\000"
 782      7433325F 
 782      7400
 783              	.LASF30:
 784 0038 63795F73 		.ascii	"cy_stc_eeprom_context_t\000"
 784      74635F65 
 784      6570726F 
 784      6D5F636F 
 784      6E746578 
 785              	.LASF36:
 786 0050 63795F65 		.ascii	"cy_en_em_eeprom_status_t\000"
 786      6E5F656D 
 786      5F656570 
 786      726F6D5F 
 786      73746174 
 787              	.LASF22:
 788 0069 77656172 		.ascii	"wearLevelingFactor\000"
 788      4C657665 
 788      6C696E67 
 788      46616374 
 788      6F7200
 789              	.LASF21:
 790 007c 65657072 		.ascii	"eepromSize\000"
 790      6F6D5369 
 790      7A6500
 791              	.LASF18:
 792 0087 666C6F61 		.ascii	"float\000"
 792      7400
ARM GAS  C:\Users\eduar\AppData\Local\Temp\cc4KDuIp.s 			page 17


 793              	.LASF25:
 794 008d 75736572 		.ascii	"userFlashStartAddr\000"
 794      466C6173 
 794      68537461 
 794      72744164 
 794      647200
 795              	.LASF35:
 796 00a0 43595F45 		.ascii	"CY_EM_EEPROM_WRITE_FAIL\000"
 796      4D5F4545 
 796      50524F4D 
 796      5F575249 
 796      54455F46 
 797              	.LASF8:
 798 00b8 6C6F6E67 		.ascii	"long unsigned int\000"
 798      20756E73 
 798      69676E65 
 798      6420696E 
 798      7400
 799              	.LASF3:
 800 00ca 73686F72 		.ascii	"short unsigned int\000"
 800      7420756E 
 800      7369676E 
 800      65642069 
 800      6E7400
 801              	.LASF38:
 802 00dd 49544D5F 		.ascii	"ITM_RxBuffer\000"
 802      52784275 
 802      66666572 
 802      00
 803              	.LASF37:
 804 00ea 636F6E66 		.ascii	"config\000"
 804      696700
 805              	.LASF19:
 806 00f1 646F7562 		.ascii	"double\000"
 806      6C6500
 807              	.LASF7:
 808 00f8 5F5F7569 		.ascii	"__uint32_t\000"
 808      6E743332 
 808      5F7400
 809              	.LASF20:
 810 0103 75696E74 		.ascii	"uint32\000"
 810      333200
 811              	.LASF2:
 812 010a 756E7369 		.ascii	"unsigned char\000"
 812      676E6564 
 812      20636861 
 812      7200
 813              	.LASF11:
 814 0118 756E7369 		.ascii	"unsigned int\000"
 814      676E6564 
 814      20696E74 
 814      00
 815              	.LASF47:
 816 0125 43795F45 		.ascii	"Cy_Em_EEPROM_Init\000"
 816      6D5F4545 
 816      50524F4D 
 816      5F496E69 
ARM GAS  C:\Users\eduar\AppData\Local\Temp\cc4KDuIp.s 			page 18


 816      7400
 817              	.LASF34:
 818 0137 43595F45 		.ascii	"CY_EM_EEPROM_BAD_DATA\000"
 818      4D5F4545 
 818      50524F4D 
 818      5F424144 
 818      5F444154 
 819              	.LASF10:
 820 014d 6C6F6E67 		.ascii	"long long unsigned int\000"
 820      206C6F6E 
 820      6720756E 
 820      7369676E 
 820      65642069 
 821              	.LASF12:
 822 0164 75696E74 		.ascii	"uint8_t\000"
 822      385F7400 
 823              	.LASF31:
 824 016c 43595F45 		.ascii	"CY_EM_EEPROM_SUCCESS\000"
 824      4D5F4545 
 824      50524F4D 
 824      5F535543 
 824      43455353 
 825              	.LASF24:
 826 0181 626C6F63 		.ascii	"blockingWrite\000"
 826      6B696E67 
 826      57726974 
 826      6500
 827              	.LASF45:
 828 018f 456D5F45 		.ascii	"Em_EEPROM_1_Init\000"
 828      4550524F 
 828      4D5F315F 
 828      496E6974 
 828      00
 829              	.LASF23:
 830 01a0 72656475 		.ascii	"redundantCopy\000"
 830      6E64616E 
 830      74436F70 
 830      7900
 831              	.LASF13:
 832 01ae 696E7433 		.ascii	"int32_t\000"
 832      325F7400 
 833              	.LASF15:
 834 01b6 73697A65 		.ascii	"sizetype\000"
 834      74797065 
 834      00
 835              	.LASF9:
 836 01bf 6C6F6E67 		.ascii	"long long int\000"
 836      206C6F6E 
 836      6720696E 
 836      7400
 837              	.LASF39:
 838 01cd 456D5F45 		.ascii	"Em_EEPROM_1_config\000"
 838      4550524F 
 838      4D5F315F 
 838      636F6E66 
 838      696700
 839              	.LASF46:
ARM GAS  C:\Users\eduar\AppData\Local\Temp\cc4KDuIp.s 			page 19


 840 01e0 73746172 		.ascii	"startAddress\000"
 840      74416464 
 840      72657373 
 840      00
 841              	.LASF17:
 842 01ed 63686172 		.ascii	"char\000"
 842      00
 843              	.LASF32:
 844 01f2 43595F45 		.ascii	"CY_EM_EEPROM_BAD_PARAM\000"
 844      4D5F4545 
 844      50524F4D 
 844      5F424144 
 844      5F504152 
 845              	.LASF44:
 846 0209 433A5C55 		.ascii	"C:\\Users\\eduar\\Documents\\PSoC Creator\\ic_eduar"
 846      73657273 
 846      5C656475 
 846      61725C44 
 846      6F63756D 
 847 0237 646F5C74 		.ascii	"do\\tests.cydsn\000"
 847      65737473 
 847      2E637964 
 847      736E00
 848              	.LASF43:
 849 0246 47656E65 		.ascii	"Generated_Source\\PSoC6\\Em_EEPROM_1.c\000"
 849      72617465 
 849      645F536F 
 849      75726365 
 849      5C50536F 
 850              	.LASF0:
 851 026b 73686F72 		.ascii	"short int\000"
 851      7420696E 
 851      7400
 852              	.LASF40:
 853 0275 456D5F45 		.ascii	"Em_EEPROM_1_context\000"
 853      4550524F 
 853      4D5F315F 
 853      636F6E74 
 853      65787400 
 854              	.LASF42:
 855 0289 474E5520 		.ascii	"GNU C11 5.4.1 20160609 (release) [ARM/embedded-5-br"
 855      43313120 
 855      352E342E 
 855      31203230 
 855      31363036 
 856 02bc 616E6368 		.ascii	"anch revision 237715] -mcpu=cortex-m4 -mfloat-abi=s"
 856      20726576 
 856      6973696F 
 856      6E203233 
 856      37373135 
 857 02ef 6F667466 		.ascii	"oftfp -mfpu=fpv4-sp-d16 -mthumb -g -Og -ffunction-s"
 857      70202D6D 
 857      6670753D 
 857      66707634 
 857      2D73702D 
 858 0322 65637469 		.ascii	"ections -ffat-lto-objects\000"
 858      6F6E7320 
ARM GAS  C:\Users\eduar\AppData\Local\Temp\cc4KDuIp.s 			page 20


 858      2D666661 
 858      742D6C74 
 858      6F2D6F62 
 859              	.LASF27:
 860 033c 776C456E 		.ascii	"wlEndAddr\000"
 860      64416464 
 860      7200
 861              	.LASF14:
 862 0346 75696E74 		.ascii	"uint32_t\000"
 862      33325F74 
 862      00
 863              	.LASF6:
 864 034f 6C6F6E67 		.ascii	"long int\000"
 864      20696E74 
 864      00
 865              	.LASF41:
 866 0358 456D5F45 		.ascii	"Em_EEPROM_1_em_EepromStorage\000"
 866      4550524F 
 866      4D5F315F 
 866      656D5F45 
 866      6570726F 
 867              	.LASF16:
 868 0375 6C6F6E67 		.ascii	"long double\000"
 868      20646F75 
 868      626C6500 
 869              	.LASF29:
 870 0381 6C617374 		.ascii	"lastWrRowAddr\000"
 870      5772526F 
 870      77416464 
 870      7200
 871              	.LASF1:
 872 038f 7369676E 		.ascii	"signed char\000"
 872      65642063 
 872      68617200 
 873              	.LASF33:
 874 039b 43595F45 		.ascii	"CY_EM_EEPROM_BAD_CHECKSUM\000"
 874      4D5F4545 
 874      50524F4D 
 874      5F424144 
 874      5F434845 
 875              		.ident	"GCC: (GNU Tools for ARM Embedded Processors) 5.4.1 20160609 (release) [ARM/embedded-5-bran
